[2018-12-31T11:24:16.382] [INFO] default - host: localhost:8080 - url: /admin
[2018-12-31T11:24:45.605] [INFO] default - host: localhost:8080 - url: /admin
[2018-12-31T11:24:50.918] [INFO] default - host: localhost:8080 - url: /admin
[2018-12-31T11:24:52.306] [INFO] default - host: localhost:8080 - url: /admin
[2018-12-31T11:24:59.995] [INFO] default - host: localhost:8080 - url: /admin
[2018-12-31T11:25:08.707] [INFO] default - host: localhost:8080 - url: /admin
[2018-12-31T11:25:17.139] [INFO] default - host: localhost:8080 - url: /admin
[2018-12-31T11:25:44.094] [INFO] default - host: localhost:8080 - url: /admin
[2018-12-31T11:29:32.563] [INFO] default - host: localhost:8080 - url: /admin/post
[2018-12-31T11:29:40.254] [INFO] default - host: localhost:8080 - url: /admin/img-upload
[2018-12-31T11:30:44.331] [INFO] default - host: localhost:8080 - url: /admin/img-upload
[2018-12-31T11:31:09.277] [INFO] default - host: localhost:8080 - url: /admin/img-upload
[2018-12-31T11:31:23.431] [INFO] default - host: localhost:8080 - url: /admin/img-upload
[2018-12-31T11:35:46.854] [INFO] default - host: localhost:8080 - url: /admin/post
[2018-12-31T11:38:36.081] [INFO] default - host: localhost:8080 - url: /admin/img-upload
[2018-12-31T11:43:34.382] [INFO] default - host: localhost:8080 - url: /admin/post
[2018-12-31T11:44:03.634] [INFO] default - host: localhost:8080 - url: /admin/img-upload
[2018-12-31T11:44:03.639] [INFO] default - host: localhost:8080 - url: /admin/img-upload
[2018-12-31T11:44:05.134] [INFO] default - host: localhost:8080 - url: /admin/img-upload
[2018-12-31T11:48:14.336] [INFO] default - host: localhost:8080 - url: /admin/post
[2018-12-31T11:48:23.520] [INFO] default - host: localhost:8080 - url: /admin/img-upload
[2018-12-31T11:48:58.582] [INFO] default - host: localhost:8080 - url: /admin/post
[2018-12-31T11:49:04.859] [INFO] default - host: localhost:8080 - url: /admin/img-upload
[2018-12-31T11:49:07.198] [INFO] default - host: localhost:8080 - url: /admin/post
[2018-12-31T11:49:14.009] [INFO] default - host: localhost:8080 - url: /admin/img-upload
[2018-12-31T11:49:46.749] [INFO] default - host: localhost:8080 - url: /admin/post
[2018-12-31T11:49:51.248] [INFO] default - host: localhost:8080 - url: /admin/img-upload
[2018-12-31T11:50:45.041] [INFO] default - host: localhost:8080 - url: /admin/post
[2018-12-31T11:50:51.889] [INFO] default - host: localhost:8080 - url: /admin/img-upload
[2018-12-31T11:50:57.534] [INFO] default - host: localhost:8080 - url: /admin/post
[2018-12-31T11:51:02.558] [INFO] default - host: localhost:8080 - url: /admin/img-upload
[2018-12-31T11:51:08.678] [INFO] default - host: localhost:8080 - url: /admin/img-upload
[2018-12-31T12:43:49.165] [INFO] default - host: localhost:8080 - url: /admin/img-upload
[2018-12-31T12:44:04.923] [INFO] default - host: localhost:8080 - url: /admin/post
[2018-12-31T12:44:51.907] [INFO] default - host: localhost:8080 - url: /api/img-upload
[2018-12-31T12:45:50.962] [INFO] default - host: localhost:8080 - url: /api/img-upload
[2018-12-31T12:46:27.384] [INFO] default - host: localhost:8080 - url: /api/img-upload
[2018-12-31T12:46:55.604] [INFO] default - host: localhost:8080 - url: /api/img-upload
[2018-12-31T12:47:14.777] [INFO] default - host: localhost:8080 - url: /api/img-upload
[2018-12-31T12:48:00.929] [INFO] default - host: localhost:8080 - url: /admin/post
[2018-12-31T12:48:07.461] [INFO] default - host: localhost:8080 - url: /api/img-upload
[2018-12-31T12:48:24.686] [INFO] default - host: localhost:8080 - url: /admin/post
[2018-12-31T12:48:33.334] [INFO] default - host: localhost:8080 - url: /api/img-upload
[2018-12-31T12:48:33.338] [INFO] default - host: localhost:8080 - url: /api/img-upload
[2018-12-31T12:50:31.062] [INFO] default - host: localhost:8080 - url: /admin/post
[2018-12-31T12:50:38.697] [INFO] default - host: localhost:8080 - url: /api/img-upload
[2018-12-31T12:50:38.798] [INFO] default - host: localhost:8080 - url: /api/img-upload
[2018-12-31T12:51:28.473] [INFO] default - host: localhost:8080 - url: /api/img-upload
[2018-12-31T12:51:31.802] [INFO] default - host: localhost:8080 - url: /api/img-upload
[2018-12-31T12:51:53.325] [INFO] default - host: localhost:8080 - url: /api/img-upload
[2018-12-31T12:52:35.953] [INFO] default - host: localhost:8080 - url: /api/img-upload
[2018-12-31T12:52:36.133] [INFO] default - host: localhost:8080 - url: /api/img-upload
[2018-12-31T12:52:59.298] [INFO] default - host: localhost:8080 - url: /admin/post
[2018-12-31T12:58:38.348] [INFO] default - host: localhost:8080 - url: /admin/post
[2018-12-31T12:58:54.942] [INFO] default - host: localhost:8080 - url: /api/img-upload
[2018-12-31T12:59:30.117] [INFO] default - host: localhost:8080 - url: /api/img-upload
[2018-12-31T13:00:18.165] [INFO] default - host: localhost:8080 - url: /api/img-upload
[2018-12-31T13:00:57.160] [INFO] default - host: localhost:8080 - url: /api/img-upload
[2018-12-31T13:01:37.016] [INFO] default - host: localhost:8080 - url: /api/img-upload
[2018-12-31T13:02:37.058] [INFO] default - host: localhost:8080 - url: /api/img-upload
[2018-12-31T13:02:55.359] [INFO] default - host: localhost:8080 - url: /api/img-upload
[2018-12-31T13:02:56.333] [INFO] default - host: localhost:8080 - url: /api/img-upload
[2018-12-31T13:02:57.307] [INFO] default - host: localhost:8080 - url: /api/img-upload
[2018-12-31T13:03:05.079] [INFO] default - host: localhost:8080 - url: /api/img-upload
[2018-12-31T13:04:16.109] [INFO] default - host: localhost:8080 - url: /api/img-upload
[2018-12-31T13:04:21.240] [INFO] default - host: localhost:8080 - url: /api/img-upload
[2018-12-31T13:05:00.424] [INFO] default - host: localhost:8080 - url: /admin/post
[2018-12-31T13:05:06.582] [INFO] default - host: localhost:8080 - url: /api/img-upload
[2018-12-31T13:11:26.996] [INFO] default - host: localhost:8080 - url: /api/img-upload
[2018-12-31T13:11:32.281] [INFO] default - host: localhost:8080 - url: /api/img-upload
[2018-12-31T13:25:09.331] [INFO] default - host: localhost:8080 - url: /api/img-upload
[2018-12-31T13:25:15.992] [INFO] default - host: localhost:8080 - url: /api/img-upload
[2018-12-31T13:30:17.784] [INFO] default - host: localhost:8080 - url: /api/img-upload
[2018-12-31T13:30:24.093] [INFO] default - host: localhost:8080 - url: /api/img-upload
[2018-12-31T13:31:31.512] [INFO] default - host: localhost:8080 - url: /api/img-upload
[2018-12-31T13:32:39.087] [INFO] default - host: localhost:8080 - url: /api/img-upload
[2018-12-31T13:33:30.404] [INFO] default - host: localhost:8080 - url: /admin/post
[2018-12-31T13:33:41.109] [INFO] default - host: localhost:8080 - url: /api/img-upload
[2018-12-31T13:42:44.560] [INFO] default - host: localhost:8080 - url: /api/img-upload
[2018-12-31T13:42:49.710] [INFO] default - host: localhost:8080 - url: /api/img-upload
[2018-12-31T13:59:45.106] [INFO] default - host: localhost:8080 - url: /api/img-upload
[2018-12-31T13:59:50.399] [INFO] default - host: localhost:8080 - url: /api/img-upload
[2018-12-31T14:10:03.643] [INFO] default - host: localhost:8080 - url: /api/img-upload
[2018-12-31T14:10:10.152] [INFO] default - host: localhost:8080 - url: /api/img-upload
[2018-12-31T14:10:53.003] [INFO] default - host: localhost:8080 - url: /api/img-upload
[2018-12-31T14:10:58.644] [INFO] default - host: localhost:8080 - url: /api/img-upload
[2018-12-31T14:16:04.792] [INFO] default - host: localhost:8080 - url: /api/img-upload
[2018-12-31T14:16:48.980] [INFO] default - host: localhost:8080 - url: /api/img-upload
[2018-12-31T14:20:27.139] [INFO] default - host: localhost:8080 - url: /api/img-upload
[2018-12-31T14:21:22.730] [INFO] default - host: localhost:8080 - url: /api/img-upload
[2018-12-31T14:28:13.081] [INFO] default - host: localhost:8080 - url: /api/img-upload
[2018-12-31T14:33:55.587] [INFO] default - host: localhost:8080 - url: /api/img-upload
[2018-12-31T14:34:25.573] [INFO] default - host: localhost:8080 - url: /api/img-upload
[2018-12-31T14:34:26.658] [INFO] default - host: localhost:8080 - url: /api/img-upload
[2018-12-31T14:34:27.638] [INFO] default - host: localhost:8080 - url: /api/img-upload
[2018-12-31T14:34:28.393] [INFO] default - host: localhost:8080 - url: /api/img-upload
[2018-12-31T14:34:29.021] [INFO] default - host: localhost:8080 - url: /api/img-upload
[2018-12-31T14:34:29.607] [INFO] default - host: localhost:8080 - url: /api/img-upload
[2018-12-31T14:34:30.196] [INFO] default - host: localhost:8080 - url: /api/img-upload
[2018-12-31T14:34:41.137] [INFO] default - host: localhost:8080 - url: /api/img-upload
[2018-12-31T14:35:29.401] [INFO] default - host: localhost:8080 - url: /admin/post
[2018-12-31T14:35:35.762] [INFO] default - host: localhost:8080 - url: /api/img-upload
[2018-12-31T14:36:47.629] [INFO] default - host: localhost:8080 - url: /api/img-upload
[2018-12-31T14:38:48.401] [INFO] default - host: localhost:8080 - url: /api/img-upload
[2018-12-31T14:40:37.986] [INFO] default - host: localhost:8080 - url: /api/img-upload
[2018-12-31T14:40:39.087] [INFO] default - host: localhost:8080 - url: /api/img-upload
[2018-12-31T14:40:39.751] [INFO] default - host: localhost:8080 - url: /api/img-upload
[2018-12-31T14:40:40.320] [INFO] default - host: localhost:8080 - url: /api/img-upload
[2018-12-31T14:44:51.699] [INFO] default - host: localhost:8080 - url: /api/img-upload
[2018-12-31T14:46:03.853] [INFO] default - host: localhost:8080 - url: /admin/post
[2018-12-31T14:46:09.640] [INFO] default - host: localhost:8080 - url: /api/img-upload
[2018-12-31T14:46:32.593] [INFO] default - host: localhost:8080 - url: /api/img-upload
[2018-12-31T14:47:52.294] [INFO] default - host: localhost:8080 - url: /api/img-upload
[2018-12-31T14:49:36.273] [INFO] default - host: localhost:8080 - url: /api/img-upload
[2018-12-31T14:49:37.015] [INFO] default - host: localhost:8080 - url: /api/img-upload
[2018-12-31T14:49:37.807] [INFO] default - host: localhost:8080 - url: /api/img-upload
[2018-12-31T14:49:44.042] [INFO] default - host: localhost:8080 - url: /admin/post
[2018-12-31T14:49:52.665] [INFO] default - host: localhost:8080 - url: /api/img-upload
[2018-12-31T14:49:52.677] [INFO] default - host: localhost:8080 - url: /api/img-upload
[2018-12-31T14:50:23.507] [INFO] default - host: localhost:8080 - url: /api/img-upload
[2018-12-31T14:51:41.031] [INFO] default - host: localhost:8080 - url: /admin/post
[2018-12-31T14:52:50.919] [INFO] default - host: localhost:8080 - url: /api/img-upload
[2018-12-31T14:53:24.955] [INFO] default - host: localhost:8080 - url: /api/img-upload
[2018-12-31T14:54:15.431] [INFO] default - host: localhost:8080 - url: /api/img-upload
[2018-12-31T14:54:16.231] [INFO] default - host: localhost:8080 - url: /api/img-upload
[2018-12-31T14:54:21.235] [INFO] default - host: localhost:8080 - url: /api/img-upload
[2018-12-31T14:55:23.888] [INFO] default - host: localhost:8080 - url: /admin/post
[2018-12-31T14:55:31.027] [INFO] default - host: localhost:8080 - url: /api/img-upload
[2018-12-31T14:56:44.408] [INFO] default - host: localhost:8080 - url: /api/img-upload
[2018-12-31T14:57:14.395] [INFO] default - host: localhost:8080 - url: /api/img-upload
[2018-12-31T14:57:53.720] [INFO] default - host: localhost:8080 - url: /api/img-upload
[2018-12-31T15:00:06.470] [INFO] default - host: localhost:8080 - url: /api/img-upload
[2018-12-31T15:01:40.785] [INFO] default - host: localhost:8080 - url: /api/img-upload
[2018-12-31T15:01:47.198] [INFO] default - host: localhost:8080 - url: /api/img-upload
[2018-12-31T15:02:46.541] [INFO] default - host: localhost:8080 - url: /api/img-upload
[2018-12-31T15:03:52.271] [INFO] default - host: localhost:8080 - url: /api/img-upload
[2018-12-31T15:04:15.208] [INFO] default - host: localhost:8080 - url: /api/img-upload
[2018-12-31T15:04:35.737] [INFO] default - host: localhost:8080 - url: /api/img-upload
[2018-12-31T15:05:19.134] [INFO] default - host: localhost:8080 - url: /api/img-upload
[2018-12-31T15:08:59.444] [INFO] default - host: localhost:8080 - url: /api/img-upload
[2018-12-31T15:10:28.703] [INFO] default - host: localhost:8080 - url: /api/img-upload
[2018-12-31T15:10:46.823] [INFO] default - host: localhost:8080 - url: /api/img-upload
[2018-12-31T15:11:03.031] [INFO] default - host: localhost:8080 - url: /api/img-upload
[2018-12-31T15:11:03.508] [INFO] default - host: localhost:8080 - url: /api/img-upload
[2018-12-31T15:11:04.166] [INFO] default - host: localhost:8080 - url: /api/img-upload
[2018-12-31T15:11:04.811] [INFO] default - host: localhost:8080 - url: /api/img-upload
[2018-12-31T15:11:05.424] [INFO] default - host: localhost:8080 - url: /api/img-upload
[2018-12-31T15:11:06.076] [INFO] default - host: localhost:8080 - url: /api/img-upload
[2018-12-31T15:11:10.884] [INFO] default - host: localhost:8080 - url: /api/img-upload
[2018-12-31T15:11:28.851] [INFO] default - host: localhost:8080 - url: /api/img-upload
[2018-12-31T15:11:30.070] [INFO] default - host: localhost:8080 - url: /api/img-upload
[2018-12-31T15:11:30.734] [INFO] default - host: localhost:8080 - url: /api/img-upload
[2018-12-31T15:12:18.917] [INFO] default - host: localhost:8080 - url: /api/img-upload
[2018-12-31T15:13:48.573] [INFO] default - host: localhost:8080 - url: /api/img-upload
[2018-12-31T15:13:55.391] [INFO] default - host: localhost:8080 - url: /api/img-upload
[2018-12-31T15:14:51.961] [INFO] default - host: localhost:8080 - url: /api/img-upload
[2018-12-31T15:14:57.347] [INFO] default - host: localhost:8080 - url: /api/img-upload
[2018-12-31T15:15:42.708] [INFO] default - host: localhost:8080 - url: /api/img-upload
[2018-12-31T15:17:53.580] [INFO] default - host: localhost:8080 - url: /api/img-upload
[2018-12-31T15:17:54.601] [INFO] default - host: localhost:8080 - url: /api/img-upload
[2018-12-31T15:18:07.738] [INFO] default - host: localhost:8080 - url: /api/img-upload
[2018-12-31T15:18:33.661] [INFO] default - host: localhost:8080 - url: /api/img-upload
[2018-12-31T15:18:57.838] [INFO] default - host: localhost:8080 - url: /api/img-upload
[2018-12-31T15:19:01.924] [INFO] default - host: localhost:8080 - url: /api/img-upload
[2018-12-31T15:21:06.984] [INFO] default - host: localhost:8080 - url: /
[2018-12-31T15:21:09.849] [INFO] default - host: localhost:8080 - url: /detail/markdown-20170927
[2018-12-31T15:21:48.267] [INFO] default - host: localhost:8080 - url: /api/img-upload
[2018-12-31T15:23:52.234] [INFO] default - host: localhost:8080 - url: /api/img-upload
[2018-12-31T15:25:41.668] [INFO] default - host: localhost:8080 - url: /api/img-upload
[2018-12-31T15:25:43.113] [INFO] default - host: localhost:8080 - url: /api/img-upload
[2018-12-31T15:25:48.745] [INFO] default - host: localhost:8080 - url: /api/img-upload
[2018-12-31T15:28:15.039] [INFO] default - host: localhost:8080 - url: /api/img-upload
[2018-12-31T15:28:29.788] [INFO] default - host: localhost:8080 - url: /api/img-upload
[2018-12-31T15:29:21.972] [INFO] default - host: localhost:8080 - url: /api/img-upload
[2018-12-31T15:29:26.314] [INFO] default - host: localhost:8080 - url: /api/img-upload
[2018-12-31T15:30:48.480] [INFO] default - host: localhost:8080 - url: /api/img-upload
[2018-12-31T15:30:53.122] [INFO] default - host: localhost:8080 - url: /api/img-upload
[2018-12-31T15:43:27.195] [INFO] default - host: localhost:8080 - url: /api/img-upload
[2018-12-31T15:44:54.183] [INFO] default - host: localhost:8080 - url: /api/img-upload
[2018-12-31T15:47:02.681] [INFO] default - host: localhost:8080 - url: /api/img-upload
[2018-12-31T15:48:35.944] [INFO] default - host: localhost:8080 - url: /api/img-upload
[2018-12-31T16:01:23.162] [INFO] default - host: localhost:8080 - url: /api/img-upload
[2018-12-31T16:01:57.168] [INFO] default - host: localhost:8080 - url: /api/img-upload
[2018-12-31T16:23:28.180] [INFO] default - host: localhost:8080 - url: /api/img-upload
[2018-12-31T16:24:55.931] [INFO] default - host: localhost:8080 - url: /api/img-upload
[2018-12-31T16:27:31.788] [INFO] default - host: localhost:8080 - url: /api/img-upload
[2018-12-31T16:28:08.426] [INFO] default - host: localhost:8080 - url: /api/img-upload
[2018-12-31T16:28:23.465] [INFO] default - host: localhost:8080 - url: /api/img-upload
[2018-12-31T16:28:25.574] [INFO] default - host: localhost:8080 - url: /api/img-upload
[2018-12-31T16:28:31.189] [INFO] default - host: localhost:8080 - url: /api/img-upload
[2018-12-31T16:30:44.222] [INFO] default - host: localhost:8080 - url: /api/img-upload
[2018-12-31T16:30:45.818] [INFO] default - host: localhost:8080 - url: /admin/post
[2018-12-31T16:30:55.015] [INFO] default - host: localhost:8080 - url: /api/img-upload
[2018-12-31T16:36:46.095] [INFO] default - host: localhost:8080 - url: /api/img-upload
[2018-12-31T16:37:36.402] [INFO] default - host: localhost:8080 - url: /api/img-upload
[2018-12-31T16:37:41.297] [INFO] default - host: localhost:8080 - url: /api/img-upload
[2018-12-31T16:39:28.019] [INFO] default - host: localhost:8080 - url: /api/img-upload
[2018-12-31T16:39:39.197] [INFO] default - host: localhost:8080 - url: /api/img-upload
[2018-12-31T16:42:42.701] [INFO] default - host: localhost:8080 - url: /api/img-upload
[2018-12-31T16:42:46.686] [INFO] default - host: localhost:8080 - url: /api/img-upload
[2018-12-31T16:44:46.706] [INFO] default - host: localhost:8080 - url: /api/img-upload
[2018-12-31T16:50:03.954] [INFO] default - host: localhost:8080 - url: /api/img-upload
[2018-12-31T16:51:09.540] [INFO] default - host: localhost:8080 - url: /api/img-upload
[2018-12-31T16:52:40.281] [INFO] default - host: localhost:8080 - url: /api/img-upload
[2018-12-31T16:52:56.331] [INFO] default - host: localhost:8080 - url: /admin/post
[2018-12-31T16:53:01.361] [INFO] default - host: localhost:8080 - url: /api/img-upload
[2018-12-31T16:53:06.695] [INFO] default - host: localhost:8080 - url: /api/img-upload
[2018-12-31T16:53:39.176] [INFO] default - host: localhost:8080 - url: /admin/post
[2018-12-31T16:53:45.890] [INFO] default - host: localhost:8080 - url: /api/img-upload
[2018-12-31T16:54:34.452] [INFO] default - host: localhost:8080 - url: /api/img-upload
[2018-12-31T16:54:56.186] [INFO] default - host: localhost:8080 - url: /api/img-upload
[2018-12-31T16:55:50.959] [INFO] default - host: localhost:8080 - url: /api/img-upload
[2018-12-31T16:56:33.333] [INFO] default - host: localhost:8080 - url: /api/img-upload
[2018-12-31T16:58:15.631] [INFO] default - host: localhost:8080 - url: /api/img-upload
[2018-12-31T16:59:11.904] [INFO] default - host: localhost:8080 - url: /api/img-upload
[2018-12-31T16:59:57.678] [INFO] default - host: localhost:8080 - url: /api/img-upload
[2018-12-31T17:00:06.743] [INFO] default - host: localhost:8080 - url: /api/img-upload
[2018-12-31T17:00:11.089] [INFO] default - host: localhost:8080 - url: /api/img-upload
[2018-12-31T17:00:16.393] [INFO] default - host: localhost:8080 - url: /api/img-upload
[2018-12-31T17:00:29.724] [INFO] default - host: localhost:8080 - url: /api/img-upload
[2018-12-31T17:00:55.149] [INFO] default - host: localhost:8080 - url: /api/img-upload
[2018-12-31T17:02:29.270] [INFO] default - host: localhost:8080 - url: /api/img-upload
[2018-12-31T17:05:02.194] [INFO] default - host: localhost:8080 - url: /api/img-upload
[2018-12-31T17:05:06.985] [INFO] default - host: localhost:8080 - url: /api/img-upload
[2018-12-31T17:05:13.545] [INFO] default - host: localhost:8080 - url: /api/img-upload
[2018-12-31T17:05:55.479] [INFO] default - host: localhost:8080 - url: /api/img-upload
[2018-12-31T17:06:42.156] [INFO] default - host: localhost:8080 - url: /api/img-upload
[2018-12-31T17:07:08.465] [INFO] default - host: localhost:8080 - url: /api/img-upload
[2018-12-31T17:07:45.898] [INFO] default - host: localhost:8080 - url: /api/img-upload
[2018-12-31T17:09:35.246] [INFO] default - host: localhost:8080 - url: /api/img-upload
[2018-12-31T17:09:50.560] [INFO] default - host: localhost:8080 - url: /api/img-upload
[2018-12-31T17:10:04.535] [INFO] default - host: localhost:8080 - url: /api/img-upload
[2018-12-31T17:10:10.879] [INFO] default - host: localhost:8080 - url: /api/img-upload
[2018-12-31T17:11:23.748] [INFO] default - host: localhost:8080 - url: /api/img-upload
[2018-12-31T17:11:30.327] [INFO] default - host: localhost:8080 - url: /api/img-upload
[2018-12-31T17:11:32.944] [INFO] default - host: localhost:8080 - url: /api/img-upload
[2018-12-31T17:11:34.062] [INFO] default - host: localhost:8080 - url: /api/img-upload
[2018-12-31T17:15:23.067] [INFO] default - host: localhost:8080 - url: /admin/post
[2018-12-31T17:21:50.496] [INFO] default - host: localhost:8080 - url: /admin/post
[2018-12-31T17:21:58.019] [INFO] default - host: localhost:8080 - url: /api/img-upload
[2018-12-31T17:22:19.951] [INFO] default - host: localhost:8080 - url: /api/img-upload
[2018-12-31T17:22:35.484] [INFO] default - host: localhost:8080 - url: /admin/post
[2018-12-31T17:22:51.628] [INFO] default - host: localhost:8080 - url: /admin/post
[2018-12-31T17:23:01.528] [INFO] default - host: localhost:8080 - url: /api/img-upload
[2018-12-31T17:28:35.514] [INFO] default - host: localhost:8080 - url: /api/img-upload
[2018-12-31T17:28:48.650] [INFO] default - host: localhost:8080 - url: /api/img-upload
[2018-12-31T17:28:57.865] [INFO] default - host: localhost:8080 - url: /admin/post
[2018-12-31T17:29:03.001] [INFO] default - host: localhost:8080 - url: /api/img-upload
[2018-12-31T17:36:38.998] [INFO] default - host: localhost:8080 - url: /api/img-upload
[2018-12-31T17:36:45.258] [INFO] default - host: localhost:8080 - url: /api/img-upload
[2018-12-31T17:38:41.418] [INFO] default - host: localhost:8080 - url: /api/img-upload
[2018-12-31T17:38:47.441] [INFO] default - host: localhost:8080 - url: /api/img-upload
[2018-12-31T18:02:00.852] [INFO] default - host: localhost:8080 - url: /api/img-upload
[2018-12-31T18:02:21.021] [INFO] default - host: localhost:8080 - url: /api/img-upload
[2018-12-31T18:02:28.471] [INFO] default - host: localhost:8080 - url: /api/img-upload
[2018-12-31T18:02:29.540] [INFO] default - host: localhost:8080 - url: /api/img-upload
[2018-12-31T18:02:30.557] [INFO] default - host: localhost:8080 - url: /api/img-upload
[2018-12-31T18:03:21.062] [INFO] default - host: localhost:8080 - url: /api/img-upload
[2018-12-31T18:03:35.887] [INFO] default - host: localhost:8080 - url: /api/img-upload
[2018-12-31T18:03:42.327] [INFO] default - host: localhost:8080 - url: /api/img-upload
[2018-12-31T18:03:52.142] [INFO] default - host: localhost:8080 - url: /api/img-upload
[2018-12-31T18:04:02.912] [INFO] default - host: localhost:8080 - url: /api/img-upload
[2018-12-31T18:04:13.444] [INFO] default - host: localhost:8080 - url: /api/img-upload
[2018-12-31T18:04:20.998] [INFO] default - host: localhost:8080 - url: /api/img-upload
[2018-12-31T18:06:29.777] [INFO] default - host: localhost:8080 - url: /api/img-upload
[2018-12-31T18:07:02.690] [INFO] default - host: localhost:8080 - url: /api/img-upload
[2018-12-31T18:10:51.269] [INFO] default - host: localhost:8080 - url: /api/img-upload
[2018-12-31T18:11:56.091] [INFO] default - host: localhost:8080 - url: /admin/post
[2018-12-31T18:12:02.259] [INFO] default - host: localhost:8080 - url: /api/img-upload
[2018-12-31T18:14:39.601] [INFO] default - host: localhost:8080 - url: /api/img-upload
[2018-12-31T18:15:07.075] [INFO] default - host: localhost:8080 - url: /api/img-upload
[2018-12-31T18:15:08.024] [INFO] default - host: localhost:8080 - url: /api/img-upload
[2018-12-31T18:18:31.370] [INFO] default - host: localhost:8080 - url: /api/img-upload
[2018-12-31T18:19:27.985] [INFO] default - host: localhost:8080 - url: /admin/post
[2018-12-31T18:19:34.595] [INFO] default - host: localhost:8080 - url: /api/img-upload
[2018-12-31T18:20:49.294] [INFO] default - host: localhost:8080 - url: /admin/post
[2018-12-31T18:20:54.843] [INFO] default - host: localhost:8080 - url: /api/img-upload
[2018-12-31T18:22:14.899] [INFO] default - host: localhost:8080 - url: /admin/post
[2018-12-31T18:22:20.636] [INFO] default - host: localhost:8080 - url: /api/img-upload?store=img
[2018-12-31T18:23:22.819] [INFO] default - host: localhost:8080 - url: /admin/post
[2018-12-31T18:23:28.037] [INFO] default - host: localhost:8080 - url: /api/img-upload?store=img
[2018-12-31T18:25:29.877] [INFO] default - host: localhost:8080 - url: /admin/post
[2018-12-31T18:25:36.100] [INFO] default - host: localhost:8080 - url: /api/img-upload?store=img
[2018-12-31T18:26:10.933] [INFO] default - host: localhost:8080 - url: /admin/post
[2018-12-31T18:26:17.004] [INFO] default - host: localhost:8080 - url: /api/img-upload?store=img
[2018-12-31T18:26:41.216] [INFO] default - host: localhost:8080 - url: /admin/post
[2018-12-31T18:26:46.622] [INFO] default - host: localhost:8080 - url: /api/img-upload?store=img
[2018-12-31T18:27:59.720] [INFO] default - host: localhost:8080 - url: /admin/post
[2018-12-31T18:28:05.284] [INFO] default - host: localhost:8080 - url: /api/img-upload?store=img
[2018-12-31T18:30:09.878] [INFO] default - host: localhost:8080 - url: /api/img-upload?store=img
[2018-12-31T18:42:15.909] [INFO] default - host: localhost:8080 - url: /admin/post
[2018-12-31T19:00:38.593] [INFO] default - host: localhost:8080 - url: /admin/post
[2018-12-31T19:10:09.057] [INFO] default - host: localhost:8080 - url: /api/img-upload?store=img
[2018-12-31T19:11:07.836] [INFO] default - host: localhost:8080 - url: /api/img-upload?store=img
[2018-12-31T19:11:22.220] [INFO] default - host: localhost:8080 - url: /api/img-upload?store=img
[2018-12-31T19:15:00.188] [INFO] default - host: localhost:8080 - url: /api/img-upload?store=img
[2018-12-31T19:15:33.413] [INFO] default - host: localhost:8080 - url: /api/img-upload?store=img
[2018-12-31T19:15:34.521] [INFO] default - host: localhost:8080 - url: /api/img-upload?store=img
[2018-12-31T19:16:56.047] [INFO] default - host: localhost:8080 - url: /api/img-upload?store=img
[2018-12-31T19:17:41.934] [INFO] default - host: localhost:8080 - url: /admin/post
[2018-12-31T19:18:06.763] [INFO] default - host: localhost:8080 - url: /api/img-upload?store=img&postid=
[2018-12-31T19:25:11.587] [INFO] default - host: localhost:8080 - url: /admin/post
[2018-12-31T19:25:26.643] [INFO] default - host: localhost:8080 - url: /api/img-upload?store=img&postid=
[2018-12-31T19:25:39.114] [INFO] default - host: localhost:8080 - url: /api/img-upload?store=img&postid=
[2018-12-31T19:25:54.280] [INFO] default - host: localhost:8080 - url: /api/img-upload?store=img&postid=
[2018-12-31T19:26:41.422] [INFO] default - host: localhost:8080 - url: /admin/post
[2018-12-31T19:26:46.664] [INFO] default - host: localhost:8080 - url: /admin/post
[2018-12-31T19:28:07.520] [INFO] default - host: localhost:8080 - url: /admin/post
[2018-12-31T19:29:59.149] [INFO] default - host: localhost:8080 - url: /admin/post
[2018-12-31T19:30:33.849] [INFO] default - host: localhost:8080 - url: /api/img-upload?store=img&postid=%5Bobject%20Object%5D
[2018-12-31T19:30:59.227] [INFO] default - host: localhost:8080 - url: /admin/post
[2018-12-31T19:31:14.150] [INFO] default - host: localhost:8080 - url: /admin/post
[2018-12-31T19:31:19.986] [INFO] default - host: localhost:8080 - url: /api/img-upload?store=img&postid=%5Bobject%20Object%5D
