[2018-12-30T16:00:19.711] [INFO] default - host: localhost:8080 - url: /
[2018-12-30T16:00:40.369] [INFO] default - host: localhost:8080 - url: /detail/markdown-20170927
[2018-12-30T16:00:58.521] [INFO] default - host: localhost:8080 - url: /detail/git-series-20180927
[2018-12-30T16:03:12.308] [INFO] default - host: localhost:8080 - url: /detail/vscode-plugins-20180930
[2018-12-30T16:10:59.105] [INFO] default - host: localhost:8080 - url: /
[2018-12-30T16:11:01.975] [INFO] default - host: localhost:8080 - url: /detail/vscode-plugins-20180930
[2018-12-30T16:11:08.262] [INFO] default - host: localhost:8080 - url: /detail/git-series-20180927
[2018-12-30T16:17:28.632] [INFO] default - host: localhost:8080 - url: /detail/vscode-plugins-20180930
[2018-12-30T16:20:46.390] [INFO] default - host: localhost:8080 - url: /detail/git-series-20180927
[2018-12-30T16:20:48.419] [INFO] default - host: localhost:8080 - url: /detail/vscode-plugins-20180930
[2018-12-30T16:21:31.508] [INFO] default - host: localhost:8080 - url: /detail/git-series-20180927
[2018-12-30T16:21:33.234] [INFO] default - host: localhost:8080 - url: /detail/vscode-plugins-20180930
[2018-12-30T16:24:43.714] [INFO] default - host: localhost:8080 - url: /admin
[2018-12-30T16:24:54.271] [INFO] default - host: localhost:8080 - url: /post
[2018-12-30T16:25:32.732] [INFO] default - host: localhost:8080 - url: /admin/post
[2018-12-30T16:26:47.861] [INFO] default - host: localhost:8080 - url: /detail/vscode-plugins-20180930
[2018-12-30T16:28:30.299] [INFO] default - host: localhost:8080 - url: /detail/vscode-plugins-20180930
[2018-12-30T16:30:35.056] [INFO] default - host: localhost:8080 - url: /detail/vscode-plugins-20180930
[2018-12-30T16:30:55.284] [INFO] default - host: localhost:8080 - url: /detail/vscode-plugins-20180930
[2018-12-30T16:42:50.463] [INFO] default - host: localhost:8080 - url: /detail/vscode-plugins-20180930
[2018-12-30T16:45:55.889] [INFO] default - host: localhost:8080 - url: /admin/post
[2018-12-30T16:45:57.202] [INFO] default - host: localhost:8080 - url: /detail/vscode-plugins-20180930
[2018-12-30T16:47:23.976] [INFO] default - host: localhost:8080 - url: /detail/vscode-plugins-20180930
[2018-12-30T16:52:39.449] [INFO] default - host: localhost:8080 - url: /detail/vscode-plugins-20180930
[2018-12-30T16:52:54.579] [INFO] default - host: localhost:8080 - url: /detail/vscode-plugins-20180930
[2018-12-30T16:54:20.183] [INFO] default - host: localhost:8080 - url: /detail/vscode-plugins-20180930
[2018-12-30T16:55:10.647] [INFO] default - host: localhost:8080 - url: /detail/vscode-plugins-20180930
[2018-12-30T16:57:45.912] [INFO] default - host: localhost:8080 - url: /detail/vscode-plugins-20180930
[2018-12-30T17:15:28.492] [INFO] default - host: localhost:8080 - url: /detail/vscode-plugins-20180930
[2018-12-30T17:29:12.252] [INFO] default - host: localhost:8080 - url: /detail/vscode-plugins-20180930
[2018-12-30T17:30:40.126] [INFO] default - host: localhost:8080 - url: /detail/vscode-plugins-20180930
[2018-12-30T17:33:03.045] [INFO] default - host: localhost:8080 - url: /detail/vscode-plugins-20180930
[2018-12-30T17:33:10.902] [INFO] default - host: localhost:8080 - url: /detail/vscode-plugins-20180930
[2018-12-30T17:34:09.758] [INFO] default - host: localhost:8080 - url: /
[2018-12-30T18:11:20.747] [INFO] default - host: localhost:8080 - url: /admin/post
[2018-12-30T18:11:28.386] [INFO] default - host: localhost:8080 - url: /admin/post
[2018-12-30T18:11:47.540] [INFO] default - host: localhost:8080 - url: /admin/post
[2018-12-30T18:21:35.469] [INFO] default - host: localhost:8080 - url: /admin/post
[2018-12-30T18:26:51.532] [INFO] default - host: localhost:8080 - url: /admin/post
[2018-12-30T18:26:51.841] [INFO] default - host: localhost:8080 - url: /js/filepond.min.js
[2018-12-30T18:27:45.691] [INFO] default - host: localhost:8080 - url: /admin/post
[2018-12-30T18:28:42.818] [INFO] default - host: localhost:8080 - url: /admin/post
[2018-12-30T18:29:36.234] [INFO] default - host: localhost:8080 - url: /admin/post
[2018-12-30T18:31:10.087] [INFO] default - host: localhost:8080 - url: /admin/post
[2018-12-30T18:33:56.153] [INFO] default - host: localhost:8080 - url: /admin/post
[2018-12-30T18:34:02.185] [INFO] default - host: localhost:8080 - url: /admin/post
[2018-12-30T18:34:22.768] [INFO] default - host: localhost:8080 - url: /admin/post
[2018-12-30T18:34:24.312] [INFO] default - host: localhost:8080 - url: /admin/post
[2018-12-30T18:35:05.150] [INFO] default - host: localhost:8080 - url: /admin/post
[2018-12-30T18:36:00.021] [INFO] default - host: localhost:8080 - url: /admin/post
[2018-12-30T18:42:18.989] [INFO] default - host: localhost:8080 - url: /admin/post
[2018-12-30T18:42:49.028] [INFO] default - host: localhost:8080 - url: /admin/post
[2018-12-30T18:42:55.256] [INFO] default - host: localhost:8080 - url: /admin/api/
[2018-12-30T18:43:39.013] [INFO] default - host: localhost:8080 - url: /admin/api/
[2018-12-30T18:43:40.276] [INFO] default - host: localhost:8080 - url: /admin/api/
[2018-12-30T18:43:51.124] [INFO] default - host: localhost:8080 - url: /admin/api/
[2018-12-30T18:46:42.905] [INFO] default - host: localhost:8080 - url: /admin/post
[2018-12-30T18:46:49.855] [INFO] default - host: localhost:8080 - url: /api/upload
[2018-12-30T18:54:02.437] [INFO] default - host: localhost:8080 - url: /admin/post
[2018-12-30T18:58:29.118] [INFO] default - host: localhost:8080 - url: /admin/post
[2018-12-30T18:58:36.514] [INFO] default - host: localhost:8080 - url: /api/upload
[2018-12-30T18:58:40.766] [INFO] default - host: localhost:8080 - url: /api/upload
[2018-12-30T18:58:47.029] [INFO] default - host: localhost:8080 - url: /api/upload
[2018-12-30T18:58:58.292] [INFO] default - host: localhost:8080 - url: /api/upload
[2018-12-30T18:59:30.386] [INFO] default - host: localhost:8080 - url: /api/upload
[2018-12-30T18:59:34.275] [INFO] default - host: localhost:8080 - url: /api/upload
[2018-12-30T18:59:54.621] [INFO] default - host: localhost:8080 - url: /api/upload
[2018-12-30T18:59:56.010] [INFO] default - host: localhost:8080 - url: /api/upload
[2018-12-30T19:00:06.224] [INFO] default - host: localhost:8080 - url: /api/upload
[2018-12-30T19:00:06.695] [INFO] default - host: localhost:8080 - url: /api/upload
[2018-12-30T19:00:36.077] [INFO] default - host: localhost:8080 - url: /api/upload
[2018-12-30T19:00:42.474] [INFO] default - host: localhost:8080 - url: /api/upload
[2018-12-30T19:02:44.118] [INFO] default - host: localhost:8080 - url: /admin/post
[2018-12-30T19:02:57.497] [INFO] default - host: localhost:8080 - url: /api/upload
[2018-12-30T19:03:17.957] [INFO] default - host: localhost:8080 - url: /api/upload
[2018-12-30T19:03:32.382] [INFO] default - host: localhost:8080 - url: /api/upload
[2018-12-30T19:03:54.535] [INFO] default - host: localhost:8080 - url: /api/upload
[2018-12-30T19:03:56.239] [INFO] default - host: localhost:8080 - url: /admin/post
[2018-12-30T19:04:00.159] [INFO] default - host: localhost:8080 - url: /
[2018-12-30T19:29:35.012] [INFO] default - host: localhost:8080 - url: /admin/post
[2018-12-30T21:25:02.470] [INFO] default - host: localhost:8080 - url: /admin/post
[2018-12-30T21:25:13.961] [INFO] default - host: localhost:8080 - url: /admin
[2018-12-30T21:26:32.957] [INFO] default - host: localhost:8080 - url: /admin/post
[2018-12-30T21:26:56.788] [INFO] default - host: localhost:8080 - url: /admin
[2018-12-30T21:27:45.197] [INFO] default - host: localhost:8080 - url: /admin/post
[2018-12-30T21:27:57.074] [INFO] default - host: localhost:8080 - url: /admin
[2018-12-30T21:33:30.919] [INFO] default - host: localhost:8080 - url: /admin/post
[2018-12-30T21:36:10.225] [INFO] default - host: localhost:8080 - url: /admin/post
[2018-12-30T21:36:19.013] [INFO] default - host: localhost:8080 - url: /admin/post
[2018-12-30T21:36:39.377] [INFO] default - host: localhost:8080 - url: /admin
