[2018-12-09T17:33:34.949] [INFO] default - host: localhost:8080 - url: /
[2018-12-09T17:33:35.126] [INFO] default - host: localhost:8080 - url: /css/index.css
[2018-12-09T17:33:35.207] [INFO] default - host: localhost:8080 - url: /
[2018-12-09T17:33:35.423] [INFO] default - host: localhost:8080 - url: /fonts/FiraCode-Regular.ttf?t=1503327386217
[2018-12-09T17:33:37.535] [INFO] default - host: localhost:8080 - url: /css/index.css
[2018-12-09T17:33:52.393] [INFO] default - host: localhost:8080 - url: /
[2018-12-09T17:33:52.432] [INFO] default - host: localhost:8080 - url: /css/index.css
[2018-12-09T17:33:52.516] [INFO] default - host: localhost:8080 - url: /
[2018-12-09T17:33:52.848] [INFO] default - host: localhost:8080 - url: /fonts/FiraCode-Regular.ttf?t=1503327386217
[2018-12-09T18:38:26.901] [INFO] default - host: localhost:8080 - url: /
[2018-12-09T18:38:27.128] [INFO] default - host: localhost:8080 - url: /
[2018-12-09T18:38:27.138] [INFO] default - host: localhost:8080 - url: /css/_consts.css
[2018-12-09T18:38:27.485] [INFO] default - host: localhost:8080 - url: /fonts/FiraCode-Regular.ttf?t=1503327386217
[2018-12-09T18:38:29.545] [INFO] default - host: localhost:8080 - url: /fonts/iconfont.woff?t=15033273
[2018-12-09T18:38:29.675] [INFO] default - host: localhost:8080 - url: /fonts/iconfont.ttf?t=15033273
[2018-12-09T18:40:49.750] [INFO] default - host: localhost:8080 - url: /
[2018-12-09T18:40:49.870] [INFO] default - host: localhost:8080 - url: /
[2018-12-09T18:40:49.872] [INFO] default - host: localhost:8080 - url: /css/_consts.css
[2018-12-09T18:40:50.200] [INFO] default - host: localhost:8080 - url: /fonts/FiraCode-Regular.ttf?t=1503327386217
[2018-12-09T18:41:00.762] [INFO] default - host: localhost:8080 - url: /fonts/iconfont.woff?t=15033273
[2018-12-09T18:41:00.799] [INFO] default - host: localhost:8080 - url: /fonts/iconfont.ttf?t=15033273
[2018-12-09T18:50:46.858] [INFO] default - host: localhost:8080 - url: /
[2018-12-09T18:50:47.006] [INFO] default - host: localhost:8080 - url: /js/index.js
[2018-12-09T18:50:47.097] [INFO] default - host: localhost:8080 - url: /
[2018-12-09T18:50:47.126] [INFO] default - host: localhost:8080 - url: /css/_consts.css
[2018-12-09T18:50:47.208] [INFO] default - host: localhost:8080 - url: /js/axios.min.map
[2018-12-09T18:50:47.459] [INFO] default - host: localhost:8080 - url: /fonts/FiraCode-Regular.ttf?t=1503327386217
[2018-12-09T18:50:47.464] [INFO] default - host: localhost:8080 - url: /fonts/iconfont.woff?t=15033273
[2018-12-09T18:50:47.549] [INFO] default - host: localhost:8080 - url: /fonts/iconfont.ttf?t=15033273
[2018-12-09T18:50:49.104] [INFO] default - host: localhost:8080 - url: /
[2018-12-09T18:50:49.131] [INFO] default - host: localhost:8080 - url: /js/index.js
[2018-12-09T18:50:49.203] [INFO] default - host: localhost:8080 - url: /
[2018-12-09T18:50:49.209] [INFO] default - host: localhost:8080 - url: /css/_consts.css
[2018-12-09T18:50:49.294] [INFO] default - host: localhost:8080 - url: /js/axios.min.map
[2018-12-09T18:50:49.531] [INFO] default - host: localhost:8080 - url: /fonts/FiraCode-Regular.ttf?t=1503327386217
[2018-12-09T18:50:49.535] [INFO] default - host: localhost:8080 - url: /fonts/iconfont.woff?t=15033273
[2018-12-09T18:50:49.628] [INFO] default - host: localhost:8080 - url: /fonts/iconfont.ttf?t=15033273
[2018-12-09T18:51:39.098] [INFO] default - host: localhost:8080 - url: /fonts/FiraCode-Regular.ttf?t=1503327386217
[2018-12-09T18:51:39.298] [INFO] default - host: localhost:8080 - url: /fonts/FiraCode-Regular.ttf?t=1503327386217
[2018-12-09T18:51:39.302] [INFO] default - host: localhost:8080 - url: /css/_consts.css
[2018-12-09T18:51:39.644] [INFO] default - host: localhost:8080 - url: /fonts/FiraCode-Regular.ttf?t=1503327386217
[2018-12-09T18:51:39.645] [INFO] default - host: localhost:8080 - url: /fonts/iconfont.woff?t=15033273
[2018-12-09T18:51:39.781] [INFO] default - host: localhost:8080 - url: /fonts/iconfont.ttf?t=15033273
[2018-12-09T18:52:19.517] [INFO] default - host: localhost:8080 - url: /
[2018-12-09T18:52:19.557] [INFO] default - host: localhost:8080 - url: /js/index.js
[2018-12-09T18:52:19.640] [INFO] default - host: localhost:8080 - url: /
[2018-12-09T18:52:19.652] [INFO] default - host: localhost:8080 - url: /css/_consts.css
[2018-12-09T18:52:19.751] [INFO] default - host: localhost:8080 - url: /js/axios.min.map
[2018-12-09T18:53:28.983] [INFO] default - host: localhost:8080 - url: /search/?search=koa
[2018-12-09T18:53:29.169] [INFO] default - host: localhost:8080 - url: /search/?search=koa
[2018-12-09T18:53:29.175] [INFO] default - host: localhost:8080 - url: /css/_consts.css
[2018-12-09T18:53:29.292] [INFO] default - host: localhost:8080 - url: /js/axios.min.map
[2018-12-09T18:53:29.540] [INFO] default - host: localhost:8080 - url: /assets/lunr/all.json
[2018-12-09T18:53:37.308] [INFO] default - host: localhost:8080 - url: /
[2018-12-09T18:53:37.338] [INFO] default - host: localhost:8080 - url: /js/index.js
[2018-12-09T18:53:37.419] [INFO] default - host: localhost:8080 - url: /
[2018-12-09T18:53:37.423] [INFO] default - host: localhost:8080 - url: /css/_consts.css
[2018-12-09T18:53:37.518] [INFO] default - host: localhost:8080 - url: /js/axios.min.map
[2018-12-09T18:55:10.258] [INFO] default - host: localhost:8080 - url: /
[2018-12-09T18:55:10.400] [INFO] default - host: localhost:8080 - url: /js/index.js
[2018-12-09T18:55:10.486] [INFO] default - host: localhost:8080 - url: /
[2018-12-09T18:55:10.515] [INFO] default - host: localhost:8080 - url: /css/_consts.css
[2018-12-09T19:08:20.868] [INFO] default - host: localhost:8080 - url: /
[2018-12-09T19:08:21.033] [INFO] default - host: localhost:8080 - url: /js/index.js
[2018-12-09T19:08:21.123] [INFO] default - host: localhost:8080 - url: /
[2018-12-09T19:09:40.070] [INFO] default - host: localhost:8080 - url: /
[2018-12-09T19:09:40.107] [INFO] default - host: localhost:8080 - url: /js/index.js
[2018-12-09T19:09:40.212] [INFO] default - host: localhost:8080 - url: /
[2018-12-09T19:10:06.723] [INFO] default - host: localhost:8080 - url: /
[2018-12-09T19:10:06.957] [INFO] default - host: localhost:8080 - url: /
[2018-12-09T19:10:07.083] [INFO] default - host: localhost:8080 - url: /js/axios.min.map
[2018-12-09T19:10:22.624] [INFO] default - host: localhost:8080 - url: /
[2018-12-09T19:10:22.740] [INFO] default - host: localhost:8080 - url: /
[2018-12-09T19:10:22.861] [INFO] default - host: localhost:8080 - url: /js/axios.min.map
[2018-12-09T20:10:44.729] [INFO] default - host: localhost:8080 - url: /
[2018-12-09T20:10:44.966] [INFO] default - host: localhost:8080 - url: /
[2018-12-09T20:13:11.432] [INFO] default - host: localhost:8080 - url: /
[2018-12-09T20:13:11.652] [INFO] default - host: localhost:8080 - url: /
[2018-12-09T20:13:27.327] [INFO] default - host: localhost:8080 - url: /
[2018-12-09T20:13:27.454] [INFO] default - host: localhost:8080 - url: /
[2018-12-09T20:15:22.658] [INFO] default - host: localhost:8080 - url: /search/?search=
[2018-12-09T20:15:22.838] [INFO] default - host: localhost:8080 - url: /search/?search=
[2018-12-09T20:15:24.233] [INFO] default - host: localhost:8080 - url: /
[2018-12-09T20:15:24.340] [INFO] default - host: localhost:8080 - url: /
[2018-12-09T20:16:34.622] [INFO] default - host: localhost:8080 - url: /
[2018-12-09T20:16:34.841] [INFO] default - host: localhost:8080 - url: /
[2018-12-09T20:16:45.004] [INFO] default - host: localhost:8080 - url: /
[2018-12-09T20:16:45.124] [INFO] default - host: localhost:8080 - url: /
[2018-12-09T20:17:07.875] [INFO] default - host: localhost:8080 - url: /
[2018-12-09T20:17:07.986] [INFO] default - host: localhost:8080 - url: /
[2018-12-09T20:17:13.371] [INFO] default - host: localhost:8080 - url: /
[2018-12-09T20:17:13.470] [INFO] default - host: localhost:8080 - url: /
[2018-12-09T20:17:21.227] [INFO] default - host: localhost:8080 - url: /
[2018-12-09T20:17:21.442] [INFO] default - host: localhost:8080 - url: /
[2018-12-09T20:17:32.203] [INFO] default - host: localhost:8080 - url: /
[2018-12-09T20:17:32.426] [INFO] default - host: localhost:8080 - url: /
[2018-12-09T20:17:42.907] [INFO] default - host: localhost:8080 - url: /
[2018-12-09T20:17:43.126] [INFO] default - host: localhost:8080 - url: /
[2018-12-09T20:19:02.974] [INFO] default - host: localhost:8080 - url: /
[2018-12-09T20:19:03.200] [INFO] default - host: localhost:8080 - url: /
[2018-12-09T20:19:11.075] [INFO] default - host: localhost:8080 - url: /%7B%20url_for(post.path)%20%7D
[2018-12-09T20:19:11.214] [INFO] default - host: localhost:8080 - url: /%7B%20url_for(post.path)%20%7D
[2018-12-09T20:19:15.232] [INFO] default - host: localhost:8080 - url: /%7B%20url_for(post.path)%20%7D
[2018-12-09T20:19:15.317] [INFO] default - host: localhost:8080 - url: /%7B%20url_for(post.path)%20%7D
[2018-12-09T20:19:30.157] [INFO] default - host: localhost:8080 - url: /%7B%20url_for(post.path)%20%7D
[2018-12-09T20:19:30.347] [INFO] default - host: localhost:8080 - url: /%7B%20url_for(post.path)%20%7D
[2018-12-09T20:19:31.350] [INFO] default - host: localhost:8080 - url: /%7B%20url_for(post.path)%20%7D
[2018-12-09T20:19:31.461] [INFO] default - host: localhost:8080 - url: /%7B%20url_for(post.path)%20%7D
[2018-12-09T20:19:34.292] [INFO] default - host: localhost:8080 - url: /%7B%20url_for(post.path)%20%7D
[2018-12-09T20:19:34.404] [INFO] default - host: localhost:8080 - url: /%7B%20url_for(post.path)%20%7D
[2018-12-09T20:19:50.408] [INFO] default - host: localhost:8080 - url: /%7B%20url_for(post.path)%20%7D
[2018-12-09T20:19:50.610] [INFO] default - host: localhost:8080 - url: /%7B%20url_for(post.path)%20%7D
[2018-12-09T20:22:54.256] [INFO] default - host: localhost:8080 - url: /%7B%20url_for(post.path)%20%7D
[2018-12-09T20:22:54.462] [INFO] default - host: localhost:8080 - url: /%7B%20url_for(post.path)%20%7D
[2018-12-09T20:23:02.380] [INFO] default - host: localhost:8080 - url: /
[2018-12-09T20:23:02.572] [INFO] default - host: localhost:8080 - url: /
[2018-12-09T20:41:05.590] [INFO] default - host: localhost:8080 - url: /
[2018-12-09T20:41:05.689] [INFO] default - host: localhost:8080 - url: /
[2018-12-09T20:41:10.546] [INFO] default - host: localhost:8080 - url: /
[2018-12-09T20:41:10.600] [INFO] default - host: localhost:8080 - url: /
[2018-12-09T20:41:42.804] [INFO] default - host: localhost:8080 - url: /
[2018-12-09T20:41:42.916] [INFO] default - host: localhost:8080 - url: /
[2018-12-09T20:42:09.970] [INFO] default - host: localhost:8080 - url: /
[2018-12-09T20:42:10.094] [INFO] default - host: localhost:8080 - url: /
[2018-12-09T20:47:30.568] [INFO] default - host: localhost:8080 - url: /
[2018-12-09T20:47:30.683] [INFO] default - host: localhost:8080 - url: /
[2018-12-09T20:48:49.459] [INFO] default - host: localhost:8080 - url: /
[2018-12-09T20:48:49.580] [INFO] default - host: localhost:8080 - url: /
[2018-12-09T20:51:02.178] [INFO] default - host: localhost:8080 - url: /
[2018-12-09T20:51:02.406] [INFO] default - host: localhost:8080 - url: /
[2018-12-09T20:53:43.970] [INFO] default - host: localhost:8080 - url: /
[2018-12-09T20:53:44.104] [INFO] default - host: localhost:8080 - url: /
[2018-12-09T20:53:56.768] [INFO] default - host: localhost:8080 - url: /
[2018-12-09T20:53:56.986] [INFO] default - host: localhost:8080 - url: /
[2018-12-09T20:59:35.435] [INFO] default - host: localhost:8080 - url: /
[2018-12-09T20:59:35.643] [INFO] default - host: localhost:8080 - url: /
[2018-12-09T21:00:07.631] [INFO] default - host: localhost:8080 - url: /
[2018-12-09T21:00:07.642] [INFO] default - host: localhost:8080 - url: /
[2018-12-09T21:00:12.856] [INFO] default - host: localhost:8080 - url: /
[2018-12-09T21:00:12.978] [INFO] default - host: localhost:8080 - url: /
[2018-12-09T21:08:52.697] [INFO] default - host: localhost:8080 - url: /
[2018-12-09T21:08:52.941] [INFO] default - host: localhost:8080 - url: /
[2018-12-09T21:08:54.475] [INFO] default - host: localhost:8080 - url: /
[2018-12-09T21:08:56.066] [INFO] default - host: localhost:8080 - url: /
[2018-12-09T21:32:15.371] [INFO] default - host: localhost:8080 - url: /
[2018-12-09T21:32:15.585] [INFO] default - host: localhost:8080 - url: /
[2018-12-09T21:32:27.995] [INFO] default - host: localhost:8080 - url: /
[2018-12-09T21:32:28.207] [INFO] default - host: localhost:8080 - url: /
[2018-12-09T21:33:39.206] [INFO] default - host: localhost:8080 - url: /
[2018-12-09T21:33:39.427] [INFO] default - host: localhost:8080 - url: /
[2018-12-09T21:34:23.779] [INFO] default - host: localhost:8080 - url: /
[2018-12-09T21:35:10.036] [INFO] default - host: localhost:8080 - url: /
[2018-12-09T21:36:19.696] [INFO] default - host: localhost:8080 - url: /
[2018-12-09T21:36:19.920] [INFO] default - host: localhost:8080 - url: /
[2018-12-09T21:36:19.997] [INFO] default - host: localhost:8080 - url: /1
[2018-12-09T21:36:39.241] [INFO] default - host: localhost:8080 - url: /
[2018-12-09T21:36:55.412] [INFO] default - host: localhost:8080 - url: /
[2018-12-09T21:36:55.687] [INFO] default - host: localhost:8080 - url: /
[2018-12-09T21:36:55.764] [INFO] default - host: localhost:8080 - url: /1
[2018-12-09T21:37:20.356] [INFO] default - host: localhost:8080 - url: /
[2018-12-09T21:37:20.580] [INFO] default - host: localhost:8080 - url: /
[2018-12-09T21:37:20.661] [INFO] default - host: localhost:8080 - url: /1
[2018-12-09T21:37:42.535] [INFO] default - host: localhost:8080 - url: /
[2018-12-09T21:37:42.761] [INFO] default - host: localhost:8080 - url: /
[2018-12-09T21:37:42.843] [INFO] default - host: localhost:8080 - url: /1
[2018-12-09T21:39:24.793] [INFO] default - host: localhost:8080 - url: /
[2018-12-09T21:39:25.029] [INFO] default - host: localhost:8080 - url: /
[2018-12-09T21:39:25.107] [INFO] default - host: localhost:8080 - url: /1
[2018-12-09T21:40:02.873] [INFO] default - host: localhost:8080 - url: /
[2018-12-09T21:40:03.148] [INFO] default - host: localhost:8080 - url: /
[2018-12-09T21:40:03.231] [INFO] default - host: localhost:8080 - url: /1
[2018-12-09T21:40:40.860] [INFO] default - host: localhost:8080 - url: /
[2018-12-09T21:40:41.149] [INFO] default - host: localhost:8080 - url: /
[2018-12-09T21:40:41.226] [INFO] default - host: localhost:8080 - url: /1
[2018-12-09T21:40:42.558] [INFO] default - host: localhost:8080 - url: /
[2018-12-09T21:40:42.652] [INFO] default - host: localhost:8080 - url: /
[2018-12-09T21:40:42.731] [INFO] default - host: localhost:8080 - url: /1
[2018-12-09T21:41:19.596] [INFO] default - host: localhost:8080 - url: /
[2018-12-09T21:41:21.317] [INFO] default - host: localhost:8080 - url: /
[2018-12-09T21:42:58.240] [INFO] default - host: localhost:8080 - url: /
[2018-12-09T21:43:18.581] [INFO] default - host: localhost:8080 - url: /
[2018-12-09T21:46:58.375] [INFO] default - host: localhost:8080 - url: /
[2018-12-09T21:48:18.301] [INFO] default - host: localhost:8080 - url: /
[2018-12-09T21:48:45.085] [INFO] default - host: localhost:8080 - url: /
[2018-12-09T21:48:45.315] [INFO] default - host: localhost:8080 - url: /
[2018-12-09T21:49:14.851] [INFO] default - host: localhost:8080 - url: /
[2018-12-09T21:49:15.072] [INFO] default - host: localhost:8080 - url: /
[2018-12-09T21:51:09.759] [INFO] default - host: localhost:8080 - url: /
[2018-12-09T21:51:09.992] [INFO] default - host: localhost:8080 - url: /
[2018-12-09T21:52:55.916] [INFO] default - host: localhost:8080 - url: /
[2018-12-09T21:52:56.175] [INFO] default - host: localhost:8080 - url: /
[2018-12-09T21:54:19.040] [INFO] default - host: localhost:8080 - url: /
[2018-12-09T21:54:19.291] [INFO] default - host: localhost:8080 - url: /
[2018-12-09T21:55:03.383] [INFO] default - host: localhost:8080 - url: /
[2018-12-09T21:55:03.635] [INFO] default - host: localhost:8080 - url: /
[2018-12-09T21:55:36.414] [INFO] default - host: localhost:8080 - url: /
[2018-12-09T21:55:36.695] [INFO] default - host: localhost:8080 - url: /
[2018-12-09T21:55:52.223] [INFO] default - host: localhost:8080 - url: /
[2018-12-09T21:55:52.457] [INFO] default - host: localhost:8080 - url: /
[2018-12-09T21:56:15.437] [INFO] default - host: localhost:8080 - url: /
[2018-12-09T21:56:15.549] [INFO] default - host: localhost:8080 - url: /
[2018-12-09T21:57:22.338] [INFO] default - host: localhost:8080 - url: /
[2018-12-09T21:57:22.458] [INFO] default - host: localhost:8080 - url: /
[2018-12-09T22:00:40.691] [INFO] default - host: localhost:8080 - url: /
[2018-12-09T22:00:40.913] [INFO] default - host: localhost:8080 - url: /
[2018-12-09T22:02:32.296] [INFO] default - host: localhost:8080 - url: /
[2018-12-09T22:02:32.523] [INFO] default - host: localhost:8080 - url: /
[2018-12-09T22:03:29.552] [INFO] default - host: localhost:8080 - url: /
[2018-12-09T22:03:29.785] [INFO] default - host: localhost:8080 - url: /
[2018-12-09T22:05:21.715] [INFO] default - host: localhost:8080 - url: /
[2018-12-09T22:05:21.962] [INFO] default - host: localhost:8080 - url: /
[2018-12-09T22:06:31.751] [INFO] default - host: localhost:8080 - url: /
[2018-12-09T22:06:31.989] [INFO] default - host: localhost:8080 - url: /
[2018-12-09T22:24:28.728] [INFO] default - host: localhost:8080 - url: /
[2018-12-09T22:28:05.392] [INFO] default - host: localhost:8080 - url: /
[2018-12-09T22:30:26.787] [INFO] default - host: localhost:8080 - url: /
[2018-12-09T22:35:01.134] [INFO] default - host: localhost:8080 - url: /
[2018-12-09T22:35:56.605] [INFO] default - host: localhost:8080 - url: /about
[2018-12-09T22:36:11.179] [INFO] default - host: localhost:8080 - url: /404
[2018-12-09T22:36:15.897] [INFO] default - host: localhost:8080 - url: /about
[2018-12-09T22:36:16.906] [INFO] default - host: localhost:8080 - url: /
[2018-12-09T22:36:59.323] [INFO] default - host: localhost:8080 - url: /about
[2018-12-09T22:44:38.517] [INFO] default - host: localhost:8080 - url: /about
[2018-12-09T22:44:39.807] [INFO] default - host: localhost:8080 - url: /
