[2018-12-16T11:15:23.203] [INFO] default - host: localhost:8080 - url: /post
[2018-12-16T11:15:25.247] [INFO] default - host: localhost:8080 - url: /
[2018-12-16T11:15:37.087] [INFO] default - host: localhost:8080 - url: /
[2018-12-16T11:15:45.026] [INFO] default - host: localhost:8080 - url: /
[2018-12-16T11:17:42.894] [INFO] default - host: localhost:8080 - url: /
[2018-12-16T11:17:43.170] [INFO] default - host: localhost:8080 - url: /180101
[2018-12-16T11:17:43.660] [INFO] default - host: localhost:8080 - url: /cover
[2018-12-16T11:37:10.340] [INFO] default - host: localhost:8080 - url: /post
[2018-12-16T11:37:55.373] [INFO] default - host: localhost:8080 - url: /post
[2018-12-16T11:39:25.614] [INFO] default - host: localhost:8080 - url: /post
[2018-12-16T11:40:42.791] [INFO] default - host: localhost:8080 - url: /post
[2018-12-16T11:42:22.927] [INFO] default - host: localhost:8080 - url: /post
[2018-12-16T11:42:41.761] [INFO] default - host: localhost:8080 - url: /admin/post
[2018-12-16T11:42:50.735] [INFO] default - host: localhost:8080 - url: /admin
[2018-12-16T11:42:55.245] [INFO] default - host: localhost:8080 - url: /admin/post
[2018-12-16T11:42:56.077] [INFO] default - host: localhost:8080 - url: /post
[2018-12-16T11:42:57.065] [INFO] default - host: localhost:8080 - url: /
[2018-12-16T11:42:57.251] [INFO] default - host: localhost:8080 - url: /180101
[2018-12-16T11:42:57.605] [INFO] default - host: localhost:8080 - url: /cover
[2018-12-16T11:43:23.913] [INFO] default - host: localhost:8080 - url: /admin
[2018-12-16T11:43:40.994] [INFO] default - host: localhost:8080 - url: /admin
[2018-12-16T11:44:40.651] [INFO] default - host: localhost:8080 - url: /admin
[2018-12-16T11:44:52.067] [INFO] default - host: localhost:8080 - url: /admin
[2018-12-16T11:45:33.742] [INFO] default - host: localhost:8080 - url: /admin
[2018-12-16T11:45:35.448] [INFO] default - host: localhost:8080 - url: /admin
[2018-12-16T11:46:14.086] [INFO] default - host: localhost:8080 - url: /admin
[2018-12-16T11:46:15.957] [INFO] default - host: localhost:8080 - url: /admin
[2018-12-16T11:46:38.332] [INFO] default - host: localhost:8080 - url: /admin
[2018-12-16T11:46:47.416] [INFO] default - host: localhost:8080 - url: /admin/
[2018-12-16T11:46:51.050] [INFO] default - host: localhost:8080 - url: /admin
[2018-12-16T11:47:05.740] [INFO] default - host: localhost:8080 - url: /admin
[2018-12-16T11:47:10.335] [INFO] default - host: localhost:8080 - url: /admin/index
[2018-12-16T11:47:12.029] [INFO] default - host: localhost:8080 - url: /admin
[2018-12-16T11:48:36.168] [INFO] default - host: localhost:8080 - url: /admin
[2018-12-16T11:48:45.468] [INFO] default - host: localhost:8080 - url: /admin/
[2018-12-16T11:48:56.894] [INFO] default - host: localhost:8080 - url: /admin/index
[2018-12-16T11:49:03.543] [INFO] default - host: localhost:8080 - url: /admin/index
[2018-12-16T11:57:15.521] [INFO] default - host: localhost:8080 - url: /admin/index
[2018-12-16T11:57:56.818] [INFO] default - host: localhost:8080 - url: /admin/index
[2018-12-16T11:57:59.512] [INFO] default - host: localhost:8080 - url: /admin/index
[2018-12-16T12:01:02.985] [INFO] default - host: localhost:8080 - url: /admin/index
[2018-12-16T12:03:56.461] [INFO] default - host: localhost:8080 - url: /about
[2018-12-16T12:04:00.109] [INFO] default - host: localhost:8080 - url: /admin/index
[2018-12-16T12:04:20.795] [INFO] default - host: localhost:8080 - url: /admin/index
[2018-12-16T12:06:47.701] [INFO] default - host: localhost:8080 - url: /admin/index
[2018-12-16T12:07:30.038] [INFO] default - host: localhost:8080 - url: /admin/index
[2018-12-16T12:08:25.715] [INFO] default - host: localhost:8080 - url: /admin/index
[2018-12-16T12:09:45.903] [INFO] default - host: localhost:8080 - url: /admin/index
[2018-12-16T12:10:39.932] [INFO] default - host: localhost:8080 - url: /admin/index
[2018-12-16T12:10:46.867] [INFO] default - host: localhost:8080 - url: /admin/index
[2018-12-16T12:10:51.443] [INFO] default - host: localhost:8080 - url: /admin/index
[2018-12-16T12:11:32.825] [INFO] default - host: localhost:8080 - url: /admin/index
[2018-12-16T12:12:26.169] [INFO] default - host: localhost:8080 - url: /admin/index
[2018-12-16T12:12:26.402] [INFO] default - host: localhost:8080 - url: /admin/180101
[2018-12-16T12:12:26.843] [INFO] default - host: localhost:8080 - url: /admin/cover
[2018-12-16T12:12:41.153] [INFO] default - host: localhost:8080 - url: /admin/index
[2018-12-16T12:12:53.831] [INFO] default - host: localhost:8080 - url: /admin/index
[2018-12-16T12:13:00.703] [INFO] default - host: localhost:8080 - url: /admin/index
[2018-12-16T12:13:08.600] [INFO] default - host: localhost:8080 - url: /admin/index
[2018-12-16T12:13:58.298] [INFO] default - host: localhost:8080 - url: /admin/post
[2018-12-16T12:15:21.975] [INFO] default - host: localhost:8080 - url: /about
[2018-12-16T12:15:37.053] [INFO] default - host: localhost:8080 - url: /admin
[2018-12-16T12:17:04.670] [INFO] default - host: localhost:8080 - url: /admin
[2018-12-16T12:17:13.698] [INFO] default - host: localhost:8080 - url: /admin/post
[2018-12-16T12:41:14.814] [INFO] default - host: localhost:8080 - url: /admin/post
[2018-12-16T12:41:25.807] [INFO] default - host: localhost:8080 - url: /admin/post
[2018-12-16T12:41:48.437] [INFO] default - host: localhost:8080 - url: /admin/post
[2018-12-16T12:41:49.956] [INFO] default - host: localhost:8080 - url: /admin/post
[2018-12-16T12:42:27.596] [INFO] default - host: localhost:8080 - url: /admin/post
[2018-12-16T12:42:32.379] [INFO] default - host: localhost:8080 - url: /admin/post
[2018-12-16T12:44:23.247] [INFO] default - host: localhost:8080 - url: /admin/post
[2018-12-16T12:47:05.897] [INFO] default - host: localhost:8080 - url: /admin/post
[2018-12-16T12:47:09.728] [INFO] default - host: localhost:8080 - url: /admin/post
[2018-12-16T12:52:36.957] [INFO] default - host: localhost:8080 - url: /admin/post
[2018-12-16T12:54:43.377] [INFO] default - host: localhost:8080 - url: /admin/post
[2018-12-16T12:56:48.356] [INFO] default - host: localhost:8080 - url: /admin/post
[2018-12-16T12:57:59.026] [INFO] default - host: localhost:8080 - url: /admin/post
[2018-12-16T12:58:02.423] [INFO] default - host: localhost:8080 - url: /admin/post
[2018-12-16T13:04:43.660] [INFO] default - host: localhost:8080 - url: /admin/post
[2018-12-16T13:04:43.958] [INFO] default - host: localhost:8080 - url: /admin/post-save
[2018-12-16T13:07:29.955] [INFO] default - host: localhost:8080 - url: /admin/post
[2018-12-16T13:07:30.298] [INFO] default - host: localhost:8080 - url: /admin/post-save
[2018-12-16T13:07:41.600] [INFO] default - host: localhost:8080 - url: /admin/post
[2018-12-16T13:07:41.876] [INFO] default - host: localhost:8080 - url: /admin/post-save
[2018-12-16T13:09:38.569] [INFO] default - host: localhost:8080 - url: /admin/post
[2018-12-16T13:09:38.859] [INFO] default - host: localhost:8080 - url: /admin/post-save
[2018-12-16T13:54:03.197] [INFO] default - host: localhost:8080 - url: /admin/post
[2018-12-16T13:54:31.050] [INFO] default - host: localhost:8080 - url: /admin/post
[2018-12-16T13:55:13.448] [INFO] default - host: localhost:8080 - url: /admin/post
[2018-12-16T13:55:40.634] [INFO] default - host: localhost:8080 - url: /admin/post
[2018-12-16T13:55:44.676] [INFO] default - host: localhost:8080 - url: /admin/post-draft
[2018-12-16T13:58:14.186] [INFO] default - host: localhost:8080 - url: /admin/post
[2018-12-16T13:59:56.257] [INFO] default - host: localhost:8080 - url: /admin/post-save
[2018-12-16T14:12:59.537] [INFO] default - host: localhost:8080 - url: /admin/post-save
[2018-12-16T14:13:32.954] [INFO] default - host: localhost:8080 - url: /admin/post-save
[2018-12-16T14:14:00.536] [INFO] default - host: localhost:8080 - url: /admin/post-save
[2018-12-16T14:16:47.022] [INFO] default - host: localhost:8080 - url: /admin/post-save
[2018-12-16T14:20:30.796] [INFO] default - host: localhost:8080 - url: /admin/post-save
[2018-12-16T14:21:44.432] [INFO] default - host: localhost:8080 - url: /admin/post-save
[2018-12-16T14:28:57.735] [INFO] default - host: localhost:8080 - url: /admin/post-save
[2018-12-16T14:34:32.401] [INFO] default - host: localhost:8080 - url: /admin/post-save
[2018-12-16T14:35:03.293] [INFO] default - host: localhost:8080 - url: /admin/post-save
[2018-12-16T14:36:20.723] [INFO] default - host: localhost:8080 - url: /admin/post-save
[2018-12-16T14:37:06.091] [INFO] default - host: localhost:8080 - url: /admin/post-save
[2018-12-16T14:37:33.664] [INFO] default - host: localhost:8080 - url: /admin/post-save
[2018-12-16T14:37:48.976] [INFO] default - host: localhost:8080 - url: /admin/post-save
[2018-12-16T14:38:15.416] [INFO] default - host: localhost:8080 - url: /admin/post-save
[2018-12-16T14:38:58.936] [INFO] default - host: localhost:8080 - url: /admin/post-save
[2018-12-16T14:39:18.815] [INFO] default - host: localhost:8080 - url: /admin/post-save
[2018-12-16T14:57:02.164] [INFO] default - host: localhost:8080 - url: /admin/post-save
[2018-12-16T14:58:08.166] [INFO] default - host: localhost:8080 - url: /admin/post-save
[2018-12-16T15:03:40.756] [INFO] default - host: localhost:8080 - url: /admin/post-save
[2018-12-16T15:06:59.820] [INFO] default - host: localhost:8080 - url: /admin/post-save
[2018-12-16T15:10:50.774] [INFO] default - host: localhost:8080 - url: /admin/post-save
[2018-12-16T15:11:13.919] [INFO] default - host: localhost:8080 - url: /admin/post-save
[2018-12-16T15:12:32.560] [INFO] default - host: localhost:8080 - url: /admin/post-save
[2018-12-16T15:13:31.254] [INFO] default - host: localhost:8080 - url: /admin/post-save
[2018-12-16T15:14:13.094] [INFO] default - host: localhost:8080 - url: /admin/post-save
[2018-12-16T15:14:28.128] [INFO] default - host: localhost:8080 - url: /admin/post-save
[2018-12-16T15:15:15.566] [INFO] default - host: localhost:8080 - url: /admin/post-save
[2018-12-16T15:15:33.283] [INFO] default - host: localhost:8080 - url: /admin/post-save
[2018-12-16T15:15:45.704] [INFO] default - host: localhost:8080 - url: /admin/post
[2018-12-16T15:16:24.010] [INFO] default - host: localhost:8080 - url: /admin/post-save
[2018-12-16T15:17:05.301] [INFO] default - host: localhost:8080 - url: /admin/post-save
[2018-12-16T15:17:50.655] [INFO] default - host: localhost:8080 - url: /admin/post-save
[2018-12-16T15:18:00.157] [INFO] default - host: localhost:8080 - url: /admin/post-save
[2018-12-16T15:18:13.207] [INFO] default - host: localhost:8080 - url: /admin/post-save
[2018-12-16T15:19:06.871] [INFO] default - host: localhost:8080 - url: /admin/post-save
[2018-12-16T15:19:34.690] [INFO] default - host: localhost:8080 - url: /admin/post-save
[2018-12-16T15:20:03.880] [INFO] default - host: localhost:8080 - url: /admin/post-save
[2018-12-16T15:20:29.276] [INFO] default - host: localhost:8080 - url: /admin/post-save
[2018-12-16T15:22:06.551] [INFO] default - host: localhost:8080 - url: /admin/post-save
[2018-12-16T15:22:18.781] [INFO] default - host: localhost:8080 - url: /admin/post-save
[2018-12-16T15:27:01.042] [INFO] default - host: localhost:8080 - url: /admin/post-save
[2018-12-16T15:27:53.962] [INFO] default - host: localhost:8080 - url: /admin/post
[2018-12-16T15:27:56.408] [INFO] default - host: localhost:8080 - url: /admin/post-save
[2018-12-16T15:28:48.475] [INFO] default - host: localhost:8080 - url: /admin/post-save
[2018-12-16T15:29:35.016] [INFO] default - host: localhost:8080 - url: /admin/post-save
[2018-12-16T15:30:13.212] [INFO] default - host: localhost:8080 - url: /admin/post-save
[2018-12-16T15:31:43.719] [INFO] default - host: localhost:8080 - url: /admin/post-save
[2018-12-16T15:35:43.070] [INFO] default - host: localhost:8080 - url: /admin/post-save
[2018-12-16T15:36:11.681] [INFO] default - host: localhost:8080 - url: /admin/post-save
[2018-12-16T15:36:30.842] [INFO] default - host: localhost:8080 - url: /admin/post-save
[2018-12-16T15:36:45.969] [INFO] default - host: localhost:8080 - url: /admin/post
[2018-12-16T15:37:00.598] [INFO] default - host: localhost:8080 - url: /admin/post-save
[2018-12-16T15:37:11.031] [INFO] default - host: localhost:8080 - url: /admin/post-save
[2018-12-16T15:49:02.404] [INFO] default - host: localhost:8080 - url: /admin/post-save
[2018-12-16T15:49:21.343] [INFO] default - host: localhost:8080 - url: /admin/post-save
[2018-12-16T15:49:41.498] [INFO] default - host: localhost:8080 - url: /admin/post-save
[2018-12-16T15:50:06.861] [INFO] default - host: localhost:8080 - url: /admin/post-save
[2018-12-16T15:50:18.291] [INFO] default - host: localhost:8080 - url: /admin/post-save
[2018-12-16T15:51:08.936] [INFO] default - host: localhost:8080 - url: /admin/post-save
[2018-12-16T15:57:23.702] [INFO] default - host: localhost:8080 - url: /admin/post-save
[2018-12-16T15:57:38.513] [INFO] default - host: localhost:8080 - url: /admin/post-save
[2018-12-16T15:57:46.024] [INFO] default - host: localhost:8080 - url: /admin/post-save
[2018-12-16T15:58:01.837] [INFO] default - host: localhost:8080 - url: /admin/post-save
[2018-12-16T16:00:44.904] [INFO] default - host: localhost:8080 - url: /admin/post
[2018-12-16T16:01:29.219] [INFO] default - host: localhost:8080 - url: /admin/post-save
[2018-12-16T16:02:28.225] [INFO] default - host: localhost:8080 - url: /admin/post-save
[2018-12-16T16:03:41.941] [INFO] default - host: localhost:8080 - url: /admin/post-save
[2018-12-16T16:03:44.920] [INFO] default - host: localhost:8080 - url: /admin/post
[2018-12-16T16:09:11.659] [INFO] default - host: localhost:8080 - url: /admin/post-save
[2018-12-16T16:09:35.418] [INFO] default - host: localhost:8080 - url: /admin/post-save
