[2019-01-06T21:13:17.783] [INFO] default - host: www.kaiziye.cn - url: /admin/post
[2019-01-06T21:13:29.348] [INFO] default - host: www.kaiziye.cn - url: /admin/post
[2019-01-07T05:53:12.709] [INFO] default - host: www.kaiziye.cn - url: /admin
[2019-01-07T06:11:27.334] [INFO] default - host: www.kaiziye.cn - url: /
[2019-01-07T09:34:44.645] [INFO] default - host: www.kaiziye.cn - url: /
[2019-01-07T09:38:37.759] [INFO] default - host: www.kaiziye.cn - url: /
[2019-01-07T09:38:50.206] [INFO] default - host: www.kaiziye.cn - url: /
[2019-01-07T15:38:55.455] [INFO] default - host: www.kaiziye.cn - url: /
[2019-01-07T20:24:45.164] [INFO] default - host: www.kaiziye.cn - url: /
[2019-01-07T20:24:50.805] [INFO] default - host: www.kaiziye.cn - url: /
[2019-01-07T20:25:11.772] [INFO] default - host: www.kaiziye.cn - url: /
[2019-01-07T20:25:26.182] [INFO] default - host: www.kaiziye.cn - url: /
[2019-01-07T20:35:15.672] [INFO] default - host: www.kaiziye.cn - url: /
[2019-01-07T20:35:19.434] [INFO] default - host: www.kaiziye.cn - url: /
[2019-01-07T20:35:27.905] [INFO] default - host: www.kaiziye.cn - url: /
[2019-01-07T20:35:41.593] [INFO] default - host: www.kaiziye.cn - url: /
[2019-01-07T20:39:46.960] [INFO] default - host: www.kaiziye.cn - url: /
[2019-01-07T20:50:59.489] [INFO] default - host: kaiziye.cn - url: /
[2019-01-07T20:52:26.592] [INFO] default - host: www.kaiziye.cn - url: /
[2019-01-07T20:52:26.660] [INFO] default - host: www.kaiziye.cn - url: /
[2019-01-07T20:52:30.979] [INFO] default - host: kaiziye.cn - url: /
[2019-01-07T20:52:41.471] [INFO] default - host: fe.kaiziye.cn - url: /
[2019-01-07T20:53:42.389] [INFO] default - host: 47.93.194.161:80 - url: /
[2019-01-07T20:55:08.859] [INFO] default - host: w.kaiziye.cn - url: /
[2019-01-07T20:57:12.909] [INFO] default - host: www.kaiziye.cn - url: /
[2019-01-07T20:57:18.459] [INFO] default - host: ww.kaiziye.cn - url: /
[2019-01-07T20:58:24.747] [INFO] default - host: www.kaiziye.cn - url: /admin/post
[2019-01-07T21:04:02.159] [INFO] default - host: www.kaiziye.cn - url: /
[2019-01-07T21:04:31.443] [INFO] default - host: www.kaiziye.cn - url: /
[2019-01-07T21:04:35.959] [INFO] default - host: www.kaiziye.cn - url: /
[2019-01-07T21:04:39.483] [INFO] default - host: www.kaiziye.cn - url: /
[2019-01-07T21:05:39.995] [INFO] default - host: www.kaiziye.cn - url: /
[2019-01-07T21:05:47.621] [INFO] default - host: www.kaiziye.cn - url: /
[2019-01-07T21:19:34.800] [INFO] default - host: www.kaiziye.cn - url: /
[2019-01-07T21:20:42.641] [INFO] default - host: www.kaiziye.cn - url: /
[2019-01-07T21:21:36.408] [INFO] default - host: www.kaiziye.cn - url: /
[2019-01-07T21:24:21.933] [INFO] default - host: www.kaiziye.cn - url: /
[2019-01-07T21:26:45.475] [INFO] default - host: www.kaiziye.cn - url: /
[2019-01-07T21:26:46.284] [INFO] default - host: www.kaiziye.cn - url: /
[2019-01-07T21:27:25.224] [INFO] default - host: www.kaiziye.cn - url: /
[2019-01-07T21:27:54.442] [INFO] default - host: www.kaiziye.cn - url: /
[2019-01-07T21:31:59.076] [INFO] default - host: www.kaiziye.cn - url: /admin/post
[2019-01-07T21:36:25.298] [INFO] default - host: www.kaiziye.cn - url: /
[2019-01-07T21:36:30.253] [INFO] default - host: www.kaiziye.cn - url: /http//img.kaiziye.cn/css/base.css?t=1546780408710
[2019-01-07T21:36:44.099] [INFO] default - host: www.kaiziye.cn - url: /
[2019-01-07T21:36:45.869] [INFO] default - host: www.kaiziye.cn - url: /
