[2019-01-07T21:42:34.931] [INFO] default - host: www.kaiziye.cn - url: /
[2019-01-07T21:43:53.706] [INFO] default - host: www.kaiziye.cn - url: /
[2019-01-07T21:44:36.922] [INFO] default - host: www.kaiziye.cn - url: /
[2019-01-07T21:44:37.479] [INFO] default - host: www.kaiziye.cn - url: /js/jQuery.v3.3.1.min.js
[2019-01-07T21:44:52.449] [INFO] default - host: www.kaiziye.cn - url: /
[2019-01-07T21:44:52.656] [INFO] default - host: www.kaiziye.cn - url: /js/jQuery.v3.3.1.min.js
[2019-01-07T21:45:08.839] [INFO] default - host: www.kaiziye.cn - url: /detail/security-cors-20181016
[2019-01-07T21:45:09.140] [INFO] default - host: www.kaiziye.cn - url: /js/jQuery.v3.3.1.min.js
[2019-01-07T21:48:24.827] [INFO] default - host: www.kaiziye.cn - url: /admin/post
[2019-01-07T21:48:25.197] [INFO] default - host: www.kaiziye.cn - url: /js/jQuery.v3.3.1.min.js
[2019-01-07T21:51:40.715] [INFO] default - host: www.kaiziye.cn - url: /admin/post
[2019-01-07T21:51:40.909] [INFO] default - host: www.kaiziye.cn - url: /js/jQuery.v3.3.1.min.js
[2019-01-07T22:19:18.726] [INFO] default - host: www.kaiziye.cn - url: /
[2019-01-07T22:19:19.010] [INFO] default - host: www.kaiziye.cn - url: /js/jQuery.v3.3.1.min.js
[2019-01-07T22:22:50.725] [INFO] default - host: www.kaiziye.cn - url: /
[2019-01-07T22:22:50.988] [INFO] default - host: www.kaiziye.cn - url: /js/jQuery.v3.3.1.min.js
[2019-01-07T22:23:06.917] [INFO] default - host: www.kaiziye.cn - url: /
[2019-01-07T22:23:07.126] [INFO] default - host: www.kaiziye.cn - url: /js/jQuery.v3.3.1.min.js
[2019-01-07T22:46:15.347] [INFO] default - host: www.kaiziye.cn - url: / - status: undefined
[2019-01-07T22:46:15.714] [INFO] default - host: www.kaiziye.cn - url: /static/css/base.css?t=1546872371953 - status: undefined
[2019-01-07T22:46:15.839] [INFO] default - host: www.kaiziye.cn - url: /static/img/avatar.png - status: undefined
[2019-01-07T22:46:15.881] [INFO] default - host: www.kaiziye.cn - url: /static/js/jQuery.v3.3.1.min.js - status: undefined
[2019-01-07T22:46:15.902] [INFO] default - host: www.kaiziye.cn - url: /static/img/dy.png - status: undefined
[2019-01-07T22:46:15.932] [INFO] default - host: www.kaiziye.cn - url: /static/js/common.js?t=1546872371953 - status: undefined
[2019-01-07T22:46:15.948] [INFO] default - host: www.kaiziye.cn - url: /static/js/lib.js?t=1546872371953 - status: undefined
[2019-01-07T22:46:15.998] [INFO] default - host: www.kaiziye.cn - url: /static/img/loader.gif - status: undefined
[2019-01-07T22:46:16.258] [INFO] default - host: www.kaiziye.cn - url: /img/logo.png - status: undefined
[2019-01-07T22:46:16.890] [INFO] default - host: www.kaiziye.cn - url: / - status: undefined
[2019-01-07T22:46:16.999] [INFO] default - host: www.kaiziye.cn - url: /static/css/base.css?t=1546872371953 - status: undefined
[2019-01-07T22:46:17.006] [INFO] default - host: www.kaiziye.cn - url: /static/js/jQuery.v3.3.1.min.js - status: undefined
[2019-01-07T22:46:17.007] [INFO] default - host: www.kaiziye.cn - url: /static/img/avatar.png - status: undefined
[2019-01-07T22:46:17.053] [INFO] default - host: www.kaiziye.cn - url: /static/js/common.js?t=1546872371953 - status: undefined
[2019-01-07T22:46:17.056] [INFO] default - host: www.kaiziye.cn - url: /static/js/lib.js?t=1546872371953 - status: undefined
[2019-01-07T22:46:17.110] [INFO] default - host: www.kaiziye.cn - url: /static/img/loader.gif - status: undefined
[2019-01-07T22:46:17.111] [INFO] default - host: www.kaiziye.cn - url: /static/img/dy.png - status: undefined
[2019-01-07T22:46:17.373] [INFO] default - host: www.kaiziye.cn - url: /img/logo.png - status: undefined
[2019-01-07T22:46:18.084] [INFO] default - host: www.kaiziye.cn - url: / - status: undefined
[2019-01-07T22:46:18.215] [INFO] default - host: www.kaiziye.cn - url: /static/css/base.css?t=1546872371953 - status: undefined
[2019-01-07T22:46:18.217] [INFO] default - host: www.kaiziye.cn - url: /static/img/avatar.png - status: undefined
[2019-01-07T22:46:18.222] [INFO] default - host: www.kaiziye.cn - url: /static/js/jQuery.v3.3.1.min.js - status: undefined
[2019-01-07T22:46:18.274] [INFO] default - host: www.kaiziye.cn - url: /static/js/common.js?t=1546872371953 - status: undefined
[2019-01-07T22:46:18.275] [INFO] default - host: www.kaiziye.cn - url: /static/js/lib.js?t=1546872371953 - status: undefined
[2019-01-07T22:46:18.316] [INFO] default - host: www.kaiziye.cn - url: /static/img/dy.png - status: undefined
[2019-01-07T22:46:18.318] [INFO] default - host: www.kaiziye.cn - url: /static/img/loader.gif - status: undefined
[2019-01-07T22:46:18.582] [INFO] default - host: www.kaiziye.cn - url: /img/logo.png - status: undefined
[2019-01-07T22:46:20.619] [INFO] default - host: www.kaiziye.cn - url: / - status: undefined
[2019-01-07T22:46:20.724] [INFO] default - host: www.kaiziye.cn - url: /static/css/base.css?t=1546872371953 - status: undefined
[2019-01-07T22:46:20.726] [INFO] default - host: www.kaiziye.cn - url: /static/js/jQuery.v3.3.1.min.js - status: undefined
[2019-01-07T22:46:20.727] [INFO] default - host: www.kaiziye.cn - url: /static/img/avatar.png - status: undefined
[2019-01-07T22:46:20.798] [INFO] default - host: www.kaiziye.cn - url: /static/js/common.js?t=1546872371953 - status: undefined
[2019-01-07T22:46:20.800] [INFO] default - host: www.kaiziye.cn - url: /static/js/lib.js?t=1546872371953 - status: undefined
[2019-01-07T22:46:20.836] [INFO] default - host: www.kaiziye.cn - url: /static/img/dy.png - status: undefined
[2019-01-07T22:46:20.838] [INFO] default - host: www.kaiziye.cn - url: /static/img/loader.gif - status: undefined
[2019-01-07T22:46:21.094] [INFO] default - host: www.kaiziye.cn - url: /img/logo.png - status: undefined
[2019-01-07T22:46:26.447] [INFO] default - host: www.kaiziye.cn - url: / - status: undefined
[2019-01-07T22:46:26.553] [INFO] default - host: www.kaiziye.cn - url: /static/css/base.css?t=1546872371953 - status: undefined
[2019-01-07T22:46:26.555] [INFO] default - host: www.kaiziye.cn - url: /static/img/avatar.png - status: undefined
[2019-01-07T22:46:26.556] [INFO] default - host: www.kaiziye.cn - url: /static/js/jQuery.v3.3.1.min.js - status: undefined
[2019-01-07T22:46:26.612] [INFO] default - host: www.kaiziye.cn - url: /static/js/lib.js?t=1546872371953 - status: undefined
[2019-01-07T22:46:26.613] [INFO] default - host: www.kaiziye.cn - url: /static/js/common.js?t=1546872371953 - status: undefined
[2019-01-07T22:46:26.655] [INFO] default - host: www.kaiziye.cn - url: /static/img/dy.png - status: undefined
[2019-01-07T22:46:26.656] [INFO] default - host: www.kaiziye.cn - url: /static/img/loader.gif - status: undefined
[2019-01-07T22:46:26.928] [INFO] default - host: www.kaiziye.cn - url: /img/logo.png - status: undefined
[2019-01-07T22:50:50.456] [INFO] default - host: www.kaiziye.cn - url: / - status: undefined
[2019-01-07T22:50:51.615] [INFO] default - host: www.kaiziye.cn - url: /img/logo.png - status: undefined
[2019-01-07T22:51:51.198] [INFO] default - host: www.kaiziye.cn - url: / - status: undefined
[2019-01-07T22:51:52.136] [INFO] default - host: www.kaiziye.cn - url: /img/logo.png - status: undefined
[2019-01-07T22:52:21.048] [INFO] default - host: www.kaiziye.cn - url: / - status: undefined
[2019-01-07T22:52:26.435] [INFO] default - host: www.kaiziye.cn - url: / - status: undefined
[2019-01-07T22:53:03.222] [INFO] default - host: www.kaiziye.cn - url: /admin/post - status: undefined
[2019-01-07T22:53:04.896] [INFO] default - host: www.kaiziye.cn - url: /img/logo.png - status: undefined
[2019-01-07T22:53:32.182] [INFO] default - host: www.kaiziye.cn - url: /search/?search=koa - status: undefined
[2019-01-07T22:53:33.840] [INFO] default - host: www.kaiziye.cn - url: /img/logo.png - status: undefined
[2019-01-07T22:53:47.428] [INFO] default - host: www.kaiziye.cn - url: /api/img-upload?store=img&postid= - status: undefined
[2019-01-08T01:01:16.103] [INFO] default - host: w.kaiziye.cn:443 - url: / - status: undefined
[2019-01-08T01:56:19.744] [INFO] default - host: 47.93.194.161 - url: / - status: undefined
[2019-01-08T02:03:15.366] [INFO] default - host: www.kaiziye.cn:443 - url: / - status: undefined
[2019-01-08T02:18:44.339] [INFO] default - host: 47.93.194.161 - url: / - status: undefined
[2019-01-08T02:23:29.953] [INFO] default - host: undefined - url: / - status: undefined
[2019-01-08T02:44:32.468] [INFO] default - host: 47.93.194.161 - url: / - status: undefined
[2019-01-08T02:44:32.711] [INFO] default - host: 47.93.194.161 - url: /explicit_not_exist_path - status: undefined
[2019-01-08T02:44:33.095] [INFO] default - host: 47.93.194.161 - url: /index.html - status: undefined
[2019-01-08T02:44:33.126] [INFO] default - host: 47.93.194.161 - url: /index.php - status: undefined
[2019-01-08T02:44:33.157] [INFO] default - host: 47.93.194.161 - url: /index.jsp - status: undefined
[2019-01-08T02:44:33.188] [INFO] default - host: 47.93.194.161 - url: /admin/ - status: undefined
[2019-01-08T02:44:34.052] [INFO] default - host: 47.93.194.161 - url: /wp-login.php - status: undefined
[2019-01-08T02:44:34.085] [INFO] default - host: 47.93.194.161 - url: /readme.html - status: undefined
[2019-01-08T02:44:34.118] [INFO] default - host: 47.93.194.161 - url: /license.txt - status: undefined
[2019-01-08T02:44:34.149] [INFO] default - host: 47.93.194.161 - url: /wp-includes/js/wplink.js - status: undefined
[2019-01-08T02:44:34.180] [INFO] default - host: 47.93.194.161 - url: /wp-admin/js/customize-controls.js - status: undefined
[2019-01-08T02:44:34.212] [INFO] default - host: 47.93.194.161 - url: /wp-admin/js/nav-menu.js - status: undefined
[2019-01-08T02:44:34.243] [INFO] default - host: 47.93.194.161 - url: /wp-includes/js/plupload/handlers.js - status: undefined
[2019-01-08T02:44:34.273] [INFO] default - host: 47.93.194.161 - url: /wp-includes/js/tinymce/wp-tinymce.js.gz - status: undefined
[2019-01-08T02:44:34.346] [INFO] default - host: 47.93.194.161 - url: /robots.txt - status: undefined
[2019-01-08T02:44:34.455] [INFO] default - host: 47.93.194.161 - url: /README - status: undefined
[2019-01-08T02:44:34.580] [INFO] default - host: 47.93.194.161 - url: /solr/ - status: undefined
[2019-01-08T02:44:34.610] [INFO] default - host: 47.93.194.161 - url: /wcm/ - status: undefined
[2019-01-08T02:44:34.640] [INFO] default - host: 47.93.194.161 - url: /phpMyAdmin/ - status: undefined
[2019-01-08T02:44:34.670] [INFO] default - host: 47.93.194.161 - url: /phpmyadmin/ - status: undefined
[2019-01-08T02:44:34.700] [INFO] default - host: 47.93.194.161 - url: /pma/ - status: undefined
[2019-01-08T03:39:53.943] [INFO] default - host: www.kaiziye.cn - url: / - status: undefined
[2019-01-08T06:30:36.219] [INFO] default - host: undefined - url: / - status: undefined
[2019-01-08T07:57:23.926] [INFO] default - host: www.kaiziye.cn - url: / - status: undefined
[2019-01-08T07:57:24.079] [INFO] default - host: www.kaiziye.cn - url: /explicit_not_exist_path - status: undefined
[2019-01-08T07:57:24.247] [INFO] default - host: www.kaiziye.cn - url: /index.html - status: undefined
[2019-01-08T07:57:24.279] [INFO] default - host: www.kaiziye.cn - url: /index.php - status: undefined
[2019-01-08T07:57:24.309] [INFO] default - host: www.kaiziye.cn - url: /index.jsp - status: undefined
[2019-01-08T07:57:24.340] [INFO] default - host: www.kaiziye.cn - url: /admin/ - status: undefined
[2019-01-08T07:57:24.726] [INFO] default - host: www.kaiziye.cn - url: /wp-login.php - status: undefined
[2019-01-08T07:57:24.759] [INFO] default - host: www.kaiziye.cn - url: /readme.html - status: undefined
[2019-01-08T07:57:24.792] [INFO] default - host: www.kaiziye.cn - url: /license.txt - status: undefined
[2019-01-08T07:57:24.823] [INFO] default - host: www.kaiziye.cn - url: /wp-includes/js/wplink.js - status: undefined
[2019-01-08T07:57:24.854] [INFO] default - host: www.kaiziye.cn - url: /wp-admin/js/customize-controls.js - status: undefined
[2019-01-08T07:57:24.885] [INFO] default - host: www.kaiziye.cn - url: /wp-admin/js/nav-menu.js - status: undefined
[2019-01-08T07:57:24.915] [INFO] default - host: www.kaiziye.cn - url: /wp-includes/js/plupload/handlers.js - status: undefined
[2019-01-08T07:57:24.947] [INFO] default - host: www.kaiziye.cn - url: /wp-includes/js/tinymce/wp-tinymce.js.gz - status: undefined
[2019-01-08T07:57:25.011] [INFO] default - host: www.kaiziye.cn - url: /robots.txt - status: undefined
[2019-01-08T07:57:25.087] [INFO] default - host: www.kaiziye.cn - url: /README - status: undefined
[2019-01-08T07:57:25.288] [INFO] default - host: www.kaiziye.cn - url: /solr/ - status: undefined
[2019-01-08T07:57:25.321] [INFO] default - host: www.kaiziye.cn - url: /wcm/ - status: undefined
[2019-01-08T07:57:25.352] [INFO] default - host: www.kaiziye.cn - url: /phpMyAdmin/ - status: undefined
[2019-01-08T07:57:25.384] [INFO] default - host: www.kaiziye.cn - url: /phpmyadmin/ - status: undefined
[2019-01-08T07:57:25.415] [INFO] default - host: www.kaiziye.cn - url: /pma/ - status: undefined
[2019-01-08T09:14:06.109] [INFO] default - host: www.kaiziye.cn - url: / - status: undefined
[2019-01-08T09:14:14.235] [INFO] default - host: www.kaiziye.cn - url: / - status: undefined
[2019-01-08T09:14:18.955] [INFO] default - host: www.kaiziye.cn - url: / - status: undefined
[2019-01-08T09:14:28.324] [INFO] default - host: www.kaiziye.cn - url: / - status: undefined
[2019-01-08T09:14:43.459] [INFO] default - host: www.kaiziye.cn - url: / - status: undefined
[2019-01-08T09:14:44.532] [INFO] default - host: www.kaiziye.cn - url: /img/logo.png - status: undefined
[2019-01-08T09:14:50.915] [INFO] default - host: www.kaiziye.cn - url: / - status: undefined
[2019-01-08T09:14:51.992] [INFO] default - host: www.kaiziye.cn - url: /img/logo.png - status: undefined
[2019-01-08T09:14:58.410] [INFO] default - host: www.kaiziye.cn - url: / - status: undefined
[2019-01-08T09:14:59.495] [INFO] default - host: www.kaiziye.cn - url: /img/logo.png - status: undefined
[2019-01-08T09:15:37.029] [INFO] default - host: www.kaiziye.cn - url: /detail/u-d-k-performance-20181118 - status: undefined
[2019-01-08T09:15:37.260] [INFO] default - host: www.kaiziye.cn - url: /css/post.css - status: undefined
[2019-01-08T09:15:39.656] [INFO] default - host: www.kaiziye.cn - url: /img/logo.png - status: undefined
[2019-01-08T09:15:44.496] [INFO] default - host: www.kaiziye.cn - url: /css/post.css - status: undefined
[2019-01-08T09:52:50.014] [INFO] default - host: 47.93.194.161 - url: / - status: undefined
[2019-01-08T09:53:07.720] [INFO] default - host: 47.93.194.161 - url: /robots.txt - status: undefined
[2019-01-08T09:53:09.064] [INFO] default - host: 47.93.194.161 - url: /sitemap.xml - status: undefined
[2019-01-08T09:53:12.565] [INFO] default - host: 47.93.194.161 - url: /.well-known/security.txt - status: undefined
[2019-01-08T11:25:13.512] [INFO] default - host: www.kaiziye.cn - url: / - status: undefined
[2019-01-08T11:25:13.679] [INFO] default - host: www.kaiziye.cn - url: /explicit_not_exist_path - status: undefined
[2019-01-08T11:25:13.942] [INFO] default - host: www.kaiziye.cn - url: /index.html - status: undefined
[2019-01-08T11:25:13.975] [INFO] default - host: www.kaiziye.cn - url: /index.php - status: undefined
[2019-01-08T11:25:14.006] [INFO] default - host: www.kaiziye.cn - url: /index.jsp - status: undefined
[2019-01-08T11:25:14.037] [INFO] default - host: www.kaiziye.cn - url: /admin/ - status: undefined
[2019-01-08T11:25:14.536] [INFO] default - host: www.kaiziye.cn - url: /wp-login.php - status: undefined
[2019-01-08T11:25:14.567] [INFO] default - host: www.kaiziye.cn - url: /readme.html - status: undefined
[2019-01-08T11:25:14.599] [INFO] default - host: www.kaiziye.cn - url: /license.txt - status: undefined
[2019-01-08T11:25:14.630] [INFO] default - host: www.kaiziye.cn - url: /wp-includes/js/wplink.js - status: undefined
[2019-01-08T11:25:14.661] [INFO] default - host: www.kaiziye.cn - url: /wp-admin/js/customize-controls.js - status: undefined
[2019-01-08T11:25:14.692] [INFO] default - host: www.kaiziye.cn - url: /wp-admin/js/nav-menu.js - status: undefined
[2019-01-08T11:25:14.724] [INFO] default - host: www.kaiziye.cn - url: /wp-includes/js/plupload/handlers.js - status: undefined
[2019-01-08T11:25:14.757] [INFO] default - host: www.kaiziye.cn - url: /wp-includes/js/tinymce/wp-tinymce.js.gz - status: undefined
[2019-01-08T11:25:14.858] [INFO] default - host: www.kaiziye.cn - url: /robots.txt - status: undefined
[2019-01-08T11:25:14.967] [INFO] default - host: www.kaiziye.cn - url: /README - status: undefined
[2019-01-08T11:25:15.211] [INFO] default - host: www.kaiziye.cn - url: /solr/ - status: undefined
[2019-01-08T11:25:15.243] [INFO] default - host: www.kaiziye.cn - url: /wcm/ - status: undefined
[2019-01-08T11:25:15.274] [INFO] default - host: www.kaiziye.cn - url: /phpMyAdmin/ - status: undefined
[2019-01-08T11:25:15.307] [INFO] default - host: www.kaiziye.cn - url: /phpmyadmin/ - status: undefined
[2019-01-08T11:25:15.338] [INFO] default - host: www.kaiziye.cn - url: /pma/ - status: undefined
[2019-01-08T11:25:25.481] [INFO] default - host: run.kaiziye.cn - url: / - status: undefined
[2019-01-08T11:25:25.648] [INFO] default - host: run.kaiziye.cn - url: /explicit_not_exist_path - status: undefined
[2019-01-08T11:25:25.876] [INFO] default - host: run.kaiziye.cn - url: /index.html - status: undefined
[2019-01-08T11:25:25.907] [INFO] default - host: run.kaiziye.cn - url: /index.php - status: undefined
[2019-01-08T11:25:25.938] [INFO] default - host: run.kaiziye.cn - url: /index.jsp - status: undefined
[2019-01-08T11:25:25.970] [INFO] default - host: run.kaiziye.cn - url: /admin/ - status: undefined
[2019-01-08T11:25:26.475] [INFO] default - host: run.kaiziye.cn - url: /wp-login.php - status: undefined
[2019-01-08T11:25:26.507] [INFO] default - host: run.kaiziye.cn - url: /readme.html - status: undefined
[2019-01-08T11:25:26.538] [INFO] default - host: run.kaiziye.cn - url: /license.txt - status: undefined
[2019-01-08T11:25:26.570] [INFO] default - host: run.kaiziye.cn - url: /wp-includes/js/wplink.js - status: undefined
[2019-01-08T11:25:26.601] [INFO] default - host: run.kaiziye.cn - url: /wp-admin/js/customize-controls.js - status: undefined
[2019-01-08T11:25:26.633] [INFO] default - host: run.kaiziye.cn - url: /wp-admin/js/nav-menu.js - status: undefined
[2019-01-08T11:25:26.664] [INFO] default - host: run.kaiziye.cn - url: /wp-includes/js/plupload/handlers.js - status: undefined
[2019-01-08T11:25:26.696] [INFO] default - host: run.kaiziye.cn - url: /wp-includes/js/tinymce/wp-tinymce.js.gz - status: undefined
[2019-01-08T11:25:26.761] [INFO] default - host: run.kaiziye.cn - url: /robots.txt - status: undefined
[2019-01-08T11:25:26.839] [INFO] default - host: run.kaiziye.cn - url: /README - status: undefined
[2019-01-08T11:25:27.060] [INFO] default - host: run.kaiziye.cn - url: /solr/ - status: undefined
[2019-01-08T11:25:27.092] [INFO] default - host: run.kaiziye.cn - url: /wcm/ - status: undefined
[2019-01-08T11:25:27.123] [INFO] default - host: run.kaiziye.cn - url: /phpMyAdmin/ - status: undefined
[2019-01-08T11:25:27.154] [INFO] default - host: run.kaiziye.cn - url: /phpmyadmin/ - status: undefined
[2019-01-08T11:25:27.191] [INFO] default - host: run.kaiziye.cn - url: /pma/ - status: undefined
[2019-01-08T11:37:47.732] [INFO] default - host: 47.93.194.161 - url: / - status: undefined
[2019-01-08T14:59:01.319] [INFO] default - host: www.kaiziye.cn - url: / - status: undefined
[2019-01-08T15:03:31.459] [INFO] default - host: www.kaiziye.cn - url: / - status: undefined
[2019-01-08T23:35:12.514] [INFO] default - host: www.kaiziye.cn - url: / - status: undefined
[2019-01-09T00:32:42.473] [INFO] default - host: www.kaiziye.cn - url: / - status: undefined
[2019-01-09T02:16:09.958] [INFO] default - host: undefined - url: / - status: undefined
[2019-01-09T04:56:10.269] [INFO] default - host: www.kaiziye.cn - url: / - status: undefined
[2019-01-09T05:57:37.859] [INFO] default - host: 47.93.194.161:443 - url: / - status: undefined
[2019-01-09T06:10:03.842] [INFO] default - host: undefined - url: / - status: undefined
[2019-01-09T06:30:12.259] [INFO] default - host: 47.93.194.161 - url: / - status: undefined
[2019-01-09T06:44:17.835] [INFO] default - host: localhost - url: / - status: undefined
[2019-01-09T09:49:11.862] [INFO] default - host: www.kaiziye.cn - url: / - status: undefined
[2019-01-09T14:03:51.186] [INFO] default - host: 47.93.194.161 - url: / - status: undefined
[2019-01-09T15:36:32.205] [INFO] default - host: www.kaiziye.cn - url: / - status: undefined
[2019-01-09T19:30:37.443] [INFO] default - host: www.kaiziye.cn - url: / - status: undefined
[2019-01-09T20:28:08.651] [INFO] default - host: www.kaiziye.cn - url: / - status: undefined
[2019-01-09T21:11:07.634] [INFO] default - host: www.kaiziye.cn - url: / - status: undefined
