[2019-01-01T11:50:06.916] [INFO] default - host: localhost:8080 - url: /detail/git-series-20180927
[2019-01-01T11:57:14.712] [INFO] default - host: localhost:8080 - url: /detail/git-series-20180927
[2019-01-01T12:03:33.085] [INFO] default - host: localhost:8080 - url: /admin/post
[2019-01-01T12:03:38.754] [INFO] default - host: localhost:8080 - url: /api/img-upload?store=img&postid=
[2019-01-01T12:13:44.136] [INFO] default - host: localhost:8080 - url: /admin/post
[2019-01-01T12:13:54.790] [INFO] default - host: localhost:8080 - url: /api/img-upload?store=img&postid=
[2019-01-01T12:14:09.840] [INFO] default - host: localhost:8080 - url: /admin/post
[2019-01-01T12:14:27.895] [INFO] default - host: localhost:8080 - url: /api/img-upload?store=img&postid=
[2019-01-01T12:14:40.030] [INFO] default - host: localhost:8080 - url: /admin/post
[2019-01-01T12:14:45.961] [INFO] default - host: localhost:8080 - url: /api/img-upload?store=img&postid=
[2019-01-01T12:15:17.360] [INFO] default - host: localhost:8080 - url: /admin/post
[2019-01-01T12:15:35.486] [INFO] default - host: localhost:8080 - url: /api/img-upload?store=img&postid=
[2019-01-01T12:16:07.289] [INFO] default - host: localhost:8080 - url: /api/img-upload?store=img&postid=
[2019-01-01T12:17:12.507] [INFO] default - host: localhost:8080 - url: /admin/post
[2019-01-01T12:17:18.695] [INFO] default - host: localhost:8080 - url: /admin/post
[2019-01-01T12:17:28.693] [INFO] default - host: localhost:8080 - url: /api/img-upload?store=img&postid=
[2019-01-01T12:17:48.630] [INFO] default - host: localhost:8080 - url: /admin/post
[2019-01-01T12:17:52.711] [INFO] default - host: localhost:8080 - url: /admin/post
[2019-01-01T12:17:59.514] [INFO] default - host: localhost:8080 - url: /api/img-upload?store=img&postid=
[2019-01-01T12:18:25.050] [INFO] default - host: localhost:8080 - url: /admin/post
[2019-01-01T12:18:30.651] [INFO] default - host: localhost:8080 - url: /api/img-upload?store=img&postid=
[2019-01-01T12:18:58.020] [INFO] default - host: localhost:8080 - url: /admin/post
[2019-01-01T12:19:15.056] [INFO] default - host: localhost:8080 - url: /api/img-upload?store=img&postid=
[2019-01-01T12:24:15.483] [INFO] default - host: localhost:8080 - url: /admin/post
[2019-01-01T12:24:38.340] [INFO] default - host: localhost:8080 - url: /admin/post
[2019-01-01T12:24:44.393] [INFO] default - host: localhost:8080 - url: /api/img-upload?store=img&postid=
[2019-01-01T12:25:12.132] [INFO] default - host: localhost:8080 - url: /api/img-upload?store=img&postid=
[2019-01-01T12:26:04.418] [INFO] default - host: localhost:8080 - url: /admin/post
[2019-01-01T12:26:12.988] [INFO] default - host: localhost:8080 - url: /api/img-upload?store=img&postid=
[2019-01-01T13:11:20.266] [INFO] default - host: localhost:8080 - url: /admin/post
[2019-01-01T13:11:30.816] [INFO] default - host: localhost:8080 - url: /admin/post
[2019-01-01T14:14:58.468] [INFO] default - host: localhost:8080 - url: /admin/post
[2019-01-01T14:18:53.395] [INFO] default - host: localhost:8080 - url: /admin/post
[2019-01-01T14:19:14.716] [INFO] default - host: localhost:8080 - url: /admin/post
[2019-01-01T14:19:34.097] [INFO] default - host: localhost:8080 - url: /admin/post
[2019-01-01T14:19:38.295] [INFO] default - host: localhost:8080 - url: /admin/post
[2019-01-01T14:20:34.189] [INFO] default - host: localhost:8080 - url: /admin/post
[2019-01-01T14:23:37.648] [INFO] default - host: localhost:8080 - url: /admin/post
[2019-01-01T14:23:37.778] [INFO] default - host: localhost:8080 - url: /js/filepond.min.js
[2019-01-01T14:24:35.795] [INFO] default - host: localhost:8080 - url: /admin/post
[2019-01-01T14:29:08.026] [INFO] default - host: localhost:8080 - url: /admin/post
[2019-01-01T14:30:28.911] [INFO] default - host: localhost:8080 - url: /admin/post
[2019-01-01T14:30:52.291] [INFO] default - host: localhost:8080 - url: /admin/post
[2019-01-01T14:31:20.015] [INFO] default - host: localhost:8080 - url: /admin/post
[2019-01-01T14:31:54.168] [INFO] default - host: localhost:8080 - url: /admin/post
[2019-01-01T14:31:55.546] [INFO] default - host: localhost:8080 - url: /admin/post
[2019-01-01T14:32:34.461] [INFO] default - host: localhost:8080 - url: /admin/post
[2019-01-01T14:36:23.787] [INFO] default - host: localhost:8080 - url: /admin/post
[2019-01-01T14:37:03.737] [INFO] default - host: localhost:8080 - url: /admin/post
[2019-01-01T14:37:15.297] [INFO] default - host: localhost:8080 - url: /api/img-upload?store=img&postid=
[2019-01-01T14:37:49.880] [INFO] default - host: localhost:8080 - url: /admin/post
[2019-01-01T14:38:07.338] [INFO] default - host: localhost:8080 - url: /admin/post
[2019-01-01T14:38:14.003] [INFO] default - host: localhost:8080 - url: /api/img-upload?store=img&postid=
[2019-01-01T14:40:03.089] [INFO] default - host: localhost:8080 - url: /admin/post
[2019-01-01T14:41:56.383] [INFO] default - host: localhost:8080 - url: /admin/post
[2019-01-01T14:44:50.318] [INFO] default - host: localhost:8080 - url: /admin/post
[2019-01-01T14:49:13.628] [INFO] default - host: localhost:8080 - url: /admin/post
[2019-01-01T14:49:36.275] [INFO] default - host: localhost:8080 - url: /admin/post
[2019-01-01T14:50:27.914] [INFO] default - host: localhost:8080 - url: /admin/post
[2019-01-01T14:50:28.012] [INFO] default - host: localhost:8080 - url: /js/filepond.min.js
[2019-01-01T14:51:27.174] [INFO] default - host: localhost:8080 - url: /admin/post
[2019-01-01T14:51:51.920] [INFO] default - host: localhost:8080 - url: /admin/post
[2019-01-01T14:54:33.239] [INFO] default - host: localhost:8080 - url: /admin/post
[2019-01-01T14:54:33.361] [INFO] default - host: localhost:8080 - url: /js/filepond.min.js
[2019-01-01T14:54:38.611] [INFO] default - host: localhost:8080 - url: /admin/post
[2019-01-01T14:54:38.877] [INFO] default - host: localhost:8080 - url: /js/filepond.min.js
[2019-01-01T14:55:05.209] [INFO] default - host: localhost:8080 - url: /admin/post
[2019-01-01T14:56:43.503] [INFO] default - host: localhost:8080 - url: /admin/post
[2019-01-01T14:58:24.568] [INFO] default - host: localhost:8080 - url: /admin/post
[2019-01-01T15:02:06.523] [INFO] default - host: localhost:8080 - url: /admin/post
[2019-01-01T15:02:11.675] [INFO] default - host: localhost:8080 - url: /
[2019-01-01T15:02:14.100] [INFO] default - host: localhost:8080 - url: /detail/git-series-20180927
[2019-01-01T15:02:19.795] [INFO] default - host: localhost:8080 - url: /detail/git-series-20180927
[2019-01-01T15:04:38.449] [INFO] default - host: localhost:8080 - url: /detail/git-series-20180927
[2019-01-01T15:05:10.911] [INFO] default - host: localhost:8080 - url: /detail/git-series-20180927
[2019-01-01T15:06:50.166] [INFO] default - host: localhost:8080 - url: /detail/git-series-20180927
[2019-01-01T15:06:53.053] [INFO] default - host: localhost:8080 - url: /admin/post
[2019-01-01T15:06:58.668] [INFO] default - host: localhost:8080 - url: /admin/post
[2019-01-01T15:10:43.427] [INFO] default - host: localhost:8080 - url: /admin/post
[2019-01-01T15:10:53.989] [INFO] default - host: localhost:8080 - url: /admin/post
[2019-01-01T15:12:29.977] [INFO] default - host: localhost:8080 - url: /admin/post
[2019-01-01T15:16:07.220] [INFO] default - host: localhost:8080 - url: /admin/post
[2019-01-01T15:16:46.216] [INFO] default - host: localhost:8080 - url: /admin/post
[2019-01-01T15:23:02.254] [INFO] default - host: localhost:8080 - url: /admin/post
[2019-01-01T15:24:25.679] [INFO] default - host: localhost:8080 - url: /admin/post
[2019-01-01T15:25:51.831] [INFO] default - host: localhost:8080 - url: /admin/post
[2019-01-01T15:27:32.204] [INFO] default - host: localhost:8080 - url: /admin/post
[2019-01-01T15:30:42.138] [INFO] default - host: localhost:8080 - url: /detail/git-series-20180927
[2019-01-01T15:31:06.373] [INFO] default - host: localhost:8080 - url: /detail/git-series-20180927
[2019-01-01T15:32:01.478] [INFO] default - host: localhost:8080 - url: /admin/post
[2019-01-01T15:37:37.499] [INFO] default - host: localhost:8080 - url: /admin/post
[2019-01-01T15:39:45.343] [INFO] default - host: localhost:8080 - url: /detail/git-series-20180927
[2019-01-01T15:44:34.411] [INFO] default - host: localhost:8080 - url: /admin/post
[2019-01-01T15:45:13.448] [INFO] default - host: localhost:8080 - url: /admin/post
[2019-01-01T15:46:38.726] [INFO] default - host: localhost:8080 - url: /admin/post
[2019-01-01T15:49:15.212] [INFO] default - host: localhost:8080 - url: /admin/post
[2019-01-01T15:49:31.371] [INFO] default - host: localhost:8080 - url: /admin/post
[2019-01-01T15:51:02.683] [INFO] default - host: localhost:8080 - url: /admin/post
[2019-01-01T15:53:06.898] [INFO] default - host: localhost:8080 - url: /admin/post
[2019-01-01T15:57:44.661] [INFO] default - host: localhost:8080 - url: /admin/post
[2019-01-01T16:01:11.607] [INFO] default - host: localhost:8080 - url: /admin/post
[2019-01-01T16:01:21.236] [INFO] default - host: localhost:8080 - url: /admin/post
[2019-01-01T16:03:21.559] [INFO] default - host: localhost:8080 - url: /admin/post
[2019-01-01T16:13:31.094] [INFO] default - host: localhost:8080 - url: /admin/post
[2019-01-01T16:13:44.227] [INFO] default - host: localhost:8080 - url: /admin/post
[2019-01-01T16:13:46.659] [INFO] default - host: localhost:8080 - url: /admin/post
[2019-01-01T16:13:48.243] [INFO] default - host: localhost:8080 - url: /admin/post
[2019-01-01T16:13:50.098] [INFO] default - host: localhost:8080 - url: /admin/post
[2019-01-01T16:13:53.002] [INFO] default - host: localhost:8080 - url: /admin/post
[2019-01-01T16:13:55.920] [INFO] default - host: localhost:8080 - url: /admin/post
[2019-01-01T16:13:58.323] [INFO] default - host: localhost:8080 - url: /admin/post
[2019-01-01T16:16:27.725] [INFO] default - host: localhost:8080 - url: /admin/post
[2019-01-01T16:16:32.199] [INFO] default - host: localhost:8080 - url: /admin/post
[2019-01-01T17:02:21.470] [INFO] default - host: localhost:8080 - url: /admin/post
[2019-01-01T17:02:27.852] [INFO] default - host: localhost:8080 - url: /admin/post
[2019-01-01T17:11:57.807] [INFO] default - host: localhost:8080 - url: /api/img-upload?store=img&postid=test-01
[2019-01-01T17:12:12.869] [INFO] default - host: localhost:8080 - url: /admin/post-save
[2019-01-01T17:14:13.773] [INFO] default - host: localhost:8080 - url: /
[2019-01-01T17:15:09.975] [INFO] default - host: localhost:8080 - url: /detail/test-01
[2019-01-01T17:16:46.476] [INFO] default - host: localhost:8080 - url: /
[2019-01-01T17:20:08.220] [INFO] default - host: k.com:8080 - url: /
[2019-01-01T18:05:54.927] [INFO] default - host: 192.168.1.6:8080 - url: /
[2019-01-01T18:06:11.183] [INFO] default - host: 192.168.1.6:8080 - url: /admin/post
[2019-01-01T18:06:28.060] [INFO] default - host: 192.168.1.6:8080 - url: /api/img-upload?store=img&postid=
[2019-01-01T18:07:09.031] [INFO] default - host: localhost:8080 - url: /admin/post
[2019-01-01T18:09:36.465] [INFO] default - host: localhost:8080 - url: /admin/post
[2019-01-01T18:12:44.747] [INFO] default - host: localhost:8080 - url: /admin/post
[2019-01-01T18:13:03.411] [INFO] default - host: localhost:8080 - url: /admin/post
[2019-01-01T18:13:51.233] [INFO] default - host: localhost:8080 - url: /admin/post
[2019-01-01T18:13:55.329] [INFO] default - host: localhost:8080 - url: /admin/post
[2019-01-01T18:14:22.608] [INFO] default - host: localhost:8080 - url: /admin/post
[2019-01-01T18:16:59.242] [INFO] default - host: localhost:8080 - url: /api/img-upload?store=img&postid=
[2019-01-01T18:17:40.993] [INFO] default - host: 192.168.1.6:8080 - url: /admin/post
[2019-01-01T18:17:46.207] [INFO] default - host: 192.168.1.6:8080 - url: /admin/post
[2019-01-01T18:17:57.973] [INFO] default - host: localhost:8080 - url: /admin/post
[2019-01-01T18:18:01.246] [INFO] default - host: 192.168.1.6:8080 - url: /admin/post
[2019-01-01T18:20:10.511] [INFO] default - host: localhost:8080 - url: /admin/post
[2019-01-01T18:20:15.510] [INFO] default - host: 192.168.1.6:8080 - url: /admin/post
[2019-01-01T18:22:56.060] [INFO] default - host: localhost:8080 - url: /admin/post
[2019-01-01T18:22:58.114] [INFO] default - host: localhost:8080 - url: /admin/post
[2019-01-01T18:23:10.211] [INFO] default - host: 192.168.1.6:8080 - url: /admin/post
[2019-01-01T18:25:58.052] [INFO] default - host: localhost:8080 - url: /admin/post
[2019-01-01T18:26:05.453] [INFO] default - host: localhost:8080 - url: /admin/post
[2019-01-01T18:26:08.590] [INFO] default - host: 192.168.1.6:8080 - url: /admin/post
[2019-01-01T18:26:17.656] [INFO] default - host: 192.168.1.6:8080 - url: /admin/post
[2019-01-01T19:04:15.816] [INFO] default - host: k.com:8080 - url: /
[2019-01-01T19:06:46.533] [INFO] default - host: k.com:8080 - url: /
[2019-01-01T19:07:06.188] [INFO] default - host: k.com:8080 - url: /
[2019-01-01T19:08:13.278] [INFO] default - host: k.com:8080 - url: /
[2019-01-01T19:08:16.546] [INFO] default - host: k.com:8080 - url: /tags/undefined
[2019-01-01T19:08:18.277] [INFO] default - host: k.com:8080 - url: /
[2019-01-01T19:08:33.156] [INFO] default - host: k.com:8080 - url: /
[2019-01-01T19:08:39.001] [INFO] default - host: k.com:8080 - url: /tags/%E7%B3%BB%E7%BB%9F
[2019-01-01T19:08:42.824] [INFO] default - host: k.com:8080 - url: /
[2019-01-01T19:09:16.131] [INFO] default - host: k.com:8080 - url: /
[2019-01-01T19:09:19.072] [INFO] default - host: k.com:8080 - url: /tags?tag=%E7%B3%BB%E7%BB%9F
[2019-01-01T19:09:25.894] [INFO] default - host: k.com:8080 - url: /
[2019-01-01T19:11:05.554] [INFO] default - host: k.com:8080 - url: /
[2019-01-01T19:11:11.916] [INFO] default - host: k.com:8080 - url: /tags?tag=%E7%B3%BB%E7%BB%9F
[2019-01-01T19:11:14.813] [INFO] default - host: k.com:8080 - url: /
[2019-01-01T19:14:11.921] [INFO] default - host: k.com:8080 - url: /
[2019-01-01T19:14:42.848] [INFO] default - host: localhost:8080 - url: /admin/post
[2019-01-01T19:14:46.435] [INFO] default - host: localhost:8080 - url: /admin/post
[2019-01-01T19:14:54.497] [INFO] default - host: localhost:8080 - url: /admin/post
[2019-01-01T19:15:08.404] [INFO] default - host: localhost:8080 - url: /admin/post
[2019-01-01T19:15:12.538] [INFO] default - host: 192.168.1.6:8080 - url: /admin/post
[2019-01-01T19:16:16.185] [INFO] default - host: localhost:8080 - url: /admin/post
[2019-01-01T19:16:26.373] [INFO] default - host: 192.168.1.6:8080 - url: /admin/post
[2019-01-01T19:16:43.622] [INFO] default - host: localhost:8080 - url: /admin/post
[2019-01-01T19:16:48.355] [INFO] default - host: 192.168.1.6:8080 - url: /admin/post
[2019-01-01T19:18:56.442] [INFO] default - host: localhost:8080 - url: /admin/post
[2019-01-01T19:19:01.163] [INFO] default - host: k.com:8080 - url: /
[2019-01-01T19:19:03.809] [INFO] default - host: localhost:8080 - url: /admin/post
[2019-01-01T19:19:08.067] [INFO] default - host: 192.168.1.6:8080 - url: /admin/post
[2019-01-01T19:22:08.106] [INFO] default - host: localhost:8080 - url: /admin/post
[2019-01-01T19:22:12.602] [INFO] default - host: localhost:8080 - url: /admin/post
[2019-01-01T19:22:21.910] [INFO] default - host: 192.168.1.6:8080 - url: /admin/post
[2019-01-01T19:23:27.070] [INFO] default - host: localhost:8080 - url: /admin/post
[2019-01-01T19:23:35.575] [INFO] default - host: 192.168.1.6:8080 - url: /admin/post
[2019-01-01T19:25:13.702] [INFO] default - host: localhost:8080 - url: /admin/post
[2019-01-01T19:25:47.665] [INFO] default - host: localhost:8080 - url: /admin/post
[2019-01-01T19:25:55.194] [INFO] default - host: 192.168.1.6:8080 - url: /admin/post
[2019-01-01T19:26:23.232] [INFO] default - host: localhost:8080 - url: /admin/post
[2019-01-01T19:26:26.704] [INFO] default - host: 192.168.1.6:8080 - url: /admin/post
[2019-01-01T19:26:36.605] [INFO] default - host: 192.168.1.6:8080 - url: /admin/post
[2019-01-01T19:27:26.726] [INFO] default - host: localhost:8080 - url: /admin/post
[2019-01-01T19:28:30.998] [INFO] default - host: localhost:8080 - url: /admin/post
[2019-01-01T19:29:33.291] [INFO] default - host: localhost:8080 - url: /api/img-upload?store=img&postid=
[2019-01-01T19:31:15.774] [INFO] default - host: localhost:8080 - url: /api/img-upload?store=img&postid=
[2019-01-01T19:31:17.052] [INFO] default - host: localhost:8080 - url: /api/img-upload?store=img&postid=
[2019-01-01T19:31:52.994] [INFO] default - host: localhost:8080 - url: /admin/post
[2019-01-01T19:32:02.579] [INFO] default - host: localhost:8080 - url: /api/img-upload?store=img&postid=
[2019-01-01T19:32:02.595] [INFO] default - host: localhost:8080 - url: /api/img-upload?store=img&postid=
[2019-01-01T19:32:18.062] [INFO] default - host: localhost:8080 - url: /api/img-upload?store=img&postid=
[2019-01-01T19:32:18.066] [INFO] default - host: localhost:8080 - url: /api/img-upload?store=img&postid=
[2019-01-01T19:40:21.112] [INFO] default - host: localhost:8080 - url: /admin/post
[2019-01-01T19:47:04.564] [INFO] default - host: localhost:8080 - url: /admin/post
[2019-01-01T19:47:35.691] [INFO] default - host: localhost:8080 - url: /api/img-upload?store=img&postid=
[2019-01-01T19:51:50.321] [INFO] default - host: localhost:8080 - url: /admin/post
[2019-01-01T19:51:51.560] [INFO] default - host: localhost:8080 - url: /admin/post
[2019-01-01T19:52:09.579] [INFO] default - host: localhost:8080 - url: /admin/post
[2019-01-01T19:52:31.002] [INFO] default - host: localhost:8080 - url: /admin/post
[2019-01-01T19:52:38.467] [INFO] default - host: localhost:8080 - url: /admin/post
[2019-01-01T19:53:50.686] [INFO] default - host: localhost:8080 - url: /admin/post
[2019-01-01T19:54:57.945] [INFO] default - host: localhost:8080 - url: /admin/post
[2019-01-01T19:55:03.176] [INFO] default - host: localhost:8080 - url: /admin/post
[2019-01-01T19:56:24.119] [INFO] default - host: 192.168.1.6:8080 - url: /admin/post
[2019-01-01T19:56:43.877] [INFO] default - host: 192.168.1.6:8080 - url: /admin/post
[2019-01-01T19:57:10.709] [INFO] default - host: localhost:8080 - url: /admin/post
[2019-01-01T19:58:46.033] [INFO] default - host: localhost:8080 - url: /admin/post
[2019-01-01T20:01:14.590] [INFO] default - host: localhost:8080 - url: /admin/post
[2019-01-01T20:06:55.513] [INFO] default - host: localhost:8080 - url: /api/img-upload?store=img&postid=
[2019-01-01T20:06:55.529] [INFO] default - host: localhost:8080 - url: /api/img-upload?store=img&postid=
[2019-01-01T20:07:49.491] [INFO] default - host: localhost:8080 - url: /admin/post
[2019-01-01T20:08:04.869] [INFO] default - host: localhost:8080 - url: /api/img-upload?store=img&postid=
[2019-01-01T20:08:04.884] [INFO] default - host: localhost:8080 - url: /api/img-upload?store=img&postid=
[2019-01-01T20:08:24.180] [INFO] default - host: localhost:8080 - url: /admin/post
[2019-01-01T20:08:32.210] [INFO] default - host: localhost:8080 - url: /api/img-upload?store=img&postid=
[2019-01-01T20:09:56.863] [INFO] default - host: localhost:8080 - url: /admin/post
[2019-01-01T20:10:35.230] [INFO] default - host: localhost:8080 - url: /admin/post
[2019-01-01T20:10:44.761] [INFO] default - host: localhost:8080 - url: /api/img-upload?store=img&postid=
[2019-01-01T20:10:44.765] [INFO] default - host: localhost:8080 - url: /api/img-upload?store=img&postid=
[2019-01-01T20:10:53.512] [INFO] default - host: localhost:8080 - url: /api/img-upload?store=img&postid=
[2019-01-01T20:10:53.515] [INFO] default - host: localhost:8080 - url: /api/img-upload?store=img&postid=
[2019-01-01T20:19:03.796] [INFO] default - host: localhost:8080 - url: /admin/post
[2019-01-01T20:20:10.682] [INFO] default - host: localhost:8080 - url: /admin/post
[2019-01-01T20:20:49.145] [INFO] default - host: localhost:8080 - url: /admin/post
[2019-01-01T20:23:08.323] [INFO] default - host: localhost:8080 - url: /api/img-upload?store=img&postid=
[2019-01-01T20:23:08.342] [INFO] default - host: localhost:8080 - url: /api/img-upload?store=img&postid=
[2019-01-01T20:31:34.040] [INFO] default - host: localhost:8080 - url: /admin/post
[2019-01-01T20:32:07.279] [INFO] default - host: localhost:8080 - url: /admin/post
[2019-01-01T20:33:25.710] [INFO] default - host: localhost:8080 - url: /api/img-upload?store=img&postid=
[2019-01-01T20:33:42.585] [INFO] default - host: localhost:8080 - url: /admin/post
[2019-01-01T20:33:48.860] [INFO] default - host: localhost:8080 - url: /api/img-upload?store=img&postid=
[2019-01-01T20:34:58.136] [INFO] default - host: localhost:8080 - url: /admin/post
[2019-01-01T20:35:05.873] [INFO] default - host: localhost:8080 - url: /api/img-upload?store=img&postid=
[2019-01-01T20:36:49.969] [INFO] default - host: localhost:8080 - url: /admin/post
[2019-01-01T20:36:50.086] [INFO] default - host: localhost:8080 - url: /js/md-plugins.js
[2019-01-01T20:37:32.056] [INFO] default - host: localhost:8080 - url: /admin/post
[2019-01-01T20:38:13.912] [INFO] default - host: localhost:8080 - url: /api/img-upload?store=img&postid=
[2019-01-01T20:38:36.700] [INFO] default - host: localhost:8080 - url: /admin/post
[2019-01-01T20:38:45.466] [INFO] default - host: localhost:8080 - url: /api/img-upload?store=img&postid=
[2019-01-01T20:40:34.638] [INFO] default - host: localhost:8080 - url: /admin/post
[2019-01-01T20:43:16.036] [INFO] default - host: localhost:8080 - url: /admin/post
[2019-01-01T20:43:26.704] [INFO] default - host: localhost:8080 - url: /api/img-upload?store=img&postid=
[2019-01-01T20:44:16.331] [INFO] default - host: localhost:8080 - url: /admin/post
[2019-01-01T20:44:23.660] [INFO] default - host: localhost:8080 - url: /api/img-upload?store=img&postid=
[2019-01-01T20:45:04.904] [INFO] default - host: localhost:8080 - url: /admin/post
[2019-01-01T20:45:05.030] [INFO] default - host: localhost:8080 - url: /js/md-plugins.js
[2019-01-01T20:45:07.257] [INFO] default - host: localhost:8080 - url: /admin/post
[2019-01-01T20:45:15.003] [INFO] default - host: localhost:8080 - url: /api/img-upload?store=img&postid=
[2019-01-01T20:46:22.327] [INFO] default - host: localhost:8080 - url: /admin/post
[2019-01-01T20:46:30.518] [INFO] default - host: localhost:8080 - url: /api/img-upload?store=img&postid=
[2019-01-01T20:47:01.473] [INFO] default - host: localhost:8080 - url: /admin/post
[2019-01-01T20:47:09.274] [INFO] default - host: localhost:8080 - url: /api/img-upload?store=img&postid=
[2019-01-01T20:47:38.521] [INFO] default - host: localhost:8080 - url: /admin/post
[2019-01-01T20:47:44.930] [INFO] default - host: localhost:8080 - url: /api/img-upload?store=img&postid=
[2019-01-01T20:48:15.197] [INFO] default - host: localhost:8080 - url: /admin/post
[2019-01-01T20:48:22.035] [INFO] default - host: localhost:8080 - url: /api/img-upload?store=img&postid=
[2019-01-01T20:52:03.930] [INFO] default - host: 192.168.1.6:8080 - url: /admin/post
[2019-01-01T20:52:18.186] [INFO] default - host: 192.168.1.6:8080 - url: /api/img-upload?store=img&postid=
[2019-01-01T20:56:23.749] [INFO] default - host: localhost:8080 - url: /admin/post
[2019-01-01T20:59:14.268] [INFO] default - host: localhost:8080 - url: /admin/post
[2019-01-01T20:59:44.359] [INFO] default - host: localhost:8080 - url: /admin/post
[2019-01-01T21:00:24.783] [INFO] default - host: localhost:8080 - url: /admin/post
[2019-01-01T21:00:31.161] [INFO] default - host: 192.168.1.6:8080 - url: /admin/post
